Run 1 (size=32768, k=8)
Node A set to use top 8 paths for routing.
Node A set to use top 8 paths for routing.
Node P set to use top 8 paths for routing.
Node P set to use top 8 paths for routing.
Sending message from A to P of size 32768 bytes.
Timeout on segment 6, reducing window to 1
Timeout on segment 7, reducing window to 1
Timeout on segment 9, reducing window to 1
Timeout on segment 8, reducing window to 1
Timeout on segment 10, reducing window to 1
Timeout on segment 11, reducing window to 1
Timeout on segment 12, reducing window to 1
Timeout on segment 13, reducing window to 1
Triple duplicate ACKs for segment 14, reducing window to 2
Triple duplicate ACKs for segment 14, reducing window to 2
Triple duplicate ACKs for segment 14, reducing window to 2
Triple duplicate ACKs for segment 14, reducing window to 2
Triple duplicate ACKs for segment 14, reducing window to 2
Triple duplicate ACKs for segment 14, reducing window to 2
Triple duplicate ACKs for segment 14, reducing window to 2
Timeout on segment 15, reducing window to 1
Triple duplicate ACKs for segment 16, reducing window to 2
Triple duplicate ACKs for segment 16, reducing window to 2
Triple duplicate ACKs for segment 16, reducing window to 2
Triple duplicate ACKs for segment 16, reducing window to 2
Triple duplicate ACKs for segment 16, reducing window to 2
Triple duplicate ACKs for segment 16, reducing window to 2
Triple duplicate ACKs for segment 16, reducing window to 2
Triple duplicate ACKs for segment 17, reducing window to 2
Triple duplicate ACKs for segment 18, reducing window to 2
Triple duplicate ACKs for segment 18, reducing window to 2
Triple duplicate ACKs for segment 18, reducing window to 2
Triple duplicate ACKs for segment 18, reducing window to 2
Triple duplicate ACKs for segment 20, reducing window to 2
Triple duplicate ACKs for segment 20, reducing window to 2
Message of size 32768 bytes received by P from A in 5.625 seconds.
All messages transmitted. Quitting simulation.
Run 2 (size=32768, k=8)
Node A set to use top 8 paths for routing.
Node A set to use top 8 paths for routing.
Node P set to use top 8 paths for routing.
Node P set to use top 8 paths for routing.
Sending message from A to P of size 32768 bytes.
Timeout on segment 5, reducing window to 1
Timeout on segment 6, reducing window to 1
Timeout on segment 7, reducing window to 1
Triple duplicate ACKs for segment 13, reducing window to 2
Message of size 32768 bytes received by P from A in 4.2666 seconds.
All messages transmitted. Quitting simulation.
Run 3 (size=32768, k=8)
Node A set to use top 8 paths for routing.
Node A set to use top 8 paths for routing.
Node P set to use top 8 paths for routing.
Node P set to use top 8 paths for routing.
Sending message from A to P of size 32768 bytes.
Timeout on segment 3, reducing window to 1
Message of size 32768 bytes received by P from A in 4.225 seconds.
All messages transmitted. Quitting simulation.
Run 4 (size=32768, k=8)
Node A set to use top 8 paths for routing.
Node A set to use top 8 paths for routing.
Node P set to use top 8 paths for routing.
Node P set to use top 8 paths for routing.
Sending message from A to P of size 32768 bytes.
Timeout on segment 2, reducing window to 1
Timeout on segment 3, reducing window to 1
Triple duplicate ACKs for segment 6, reducing window to 2
Message of size 32768 bytes received by P from A in 4.7166 seconds.
All messages transmitted. Quitting simulation.
Run 5 (size=32768, k=8)
Node A set to use top 8 paths for routing.
Node A set to use top 8 paths for routing.
Node P set to use top 8 paths for routing.
Node P set to use top 8 paths for routing.
Sending message from A to P of size 32768 bytes.
Timeout on segment 6, reducing window to 1
Timeout on segment 7, reducing window to 1
Message of size 32768 bytes received by P from A in 4.225 seconds.
All messages transmitted. Quitting simulation.
Run 6 (size=32768, k=8)
Node A set to use top 8 paths for routing.
Node A set to use top 8 paths for routing.
Node P set to use top 8 paths for routing.
Node P set to use top 8 paths for routing.
Sending message from A to P of size 32768 bytes.
Timeout on segment 3, reducing window to 1
Message of size 32768 bytes received by P from A in 4.2458 seconds.
All messages transmitted. Quitting simulation.
Run 7 (size=32768, k=8)
Node A set to use top 8 paths for routing.
Node A set to use top 8 paths for routing.
Node P set to use top 8 paths for routing.
Node P set to use top 8 paths for routing.
Sending message from A to P of size 32768 bytes.
Timeout on segment 4, reducing window to 1
Timeout on segment 7, reducing window to 1
Timeout on segment 5, reducing window to 1
Timeout on segment 6, reducing window to 1
Triple duplicate ACKs for segment 8, reducing window to 2
Triple duplicate ACKs for segment 8, reducing window to 2
Triple duplicate ACKs for segment 8, reducing window to 2
Triple duplicate ACKs for segment 12, reducing window to 2
Triple duplicate ACKs for segment 12, reducing window to 2
Triple duplicate ACKs for segment 15, reducing window to 2
Message of size 32768 bytes received by P from A in 5.0958 seconds.
All messages transmitted. Quitting simulation.
Run 8 (size=32768, k=8)
Node A set to use top 8 paths for routing.
Node A set to use top 8 paths for routing.
Node P set to use top 8 paths for routing.
Node P set to use top 8 paths for routing.
Sending message from A to P of size 32768 bytes.
Timeout on segment 3, reducing window to 1
Message of size 32768 bytes received by P from A in 4.2208 seconds.
All messages transmitted. Quitting simulation.
Run 9 (size=32768, k=8)
Node A set to use top 8 paths for routing.
Node A set to use top 8 paths for routing.
Node P set to use top 8 paths for routing.
Node P set to use top 8 paths for routing.
Sending message from A to P of size 32768 bytes.
Timeout on segment 6, reducing window to 1
Timeout on segment 7, reducing window to 1
Message of size 32768 bytes received by P from A in 4.2291 seconds.
All messages transmitted. Quitting simulation.
Run 10 (size=32768, k=8)
Node A set to use top 8 paths for routing.
Node A set to use top 8 paths for routing.
Node P set to use top 8 paths for routing.
Node P set to use top 8 paths for routing.
Sending message from A to P of size 32768 bytes.
Timeout on segment 5, reducing window to 1
Timeout on segment 6, reducing window to 1
Timeout on segment 7, reducing window to 1
Triple duplicate ACKs for segment 13, reducing window to 2
Triple duplicate ACKs for segment 13, reducing window to 2
Triple duplicate ACKs for segment 16, reducing window to 2
Triple duplicate ACKs for segment 16, reducing window to 2
Message of size 32768 bytes received by P from A in 4.725 seconds.
All messages transmitted. Quitting simulation.
Run 11 (size=32768, k=8)
Node A set to use top 8 paths for routing.
Node A set to use top 8 paths for routing.
Node P set to use top 8 paths for routing.
Node P set to use top 8 paths for routing.
Sending message from A to P of size 32768 bytes.
Timeout on segment 5, reducing window to 1
Timeout on segment 6, reducing window to 1
Timeout on segment 7, reducing window to 1
Triple duplicate ACKs for segment 13, reducing window to 2
Triple duplicate ACKs for segment 13, reducing window to 2
Triple duplicate ACKs for segment 13, reducing window to 2
Message of size 32768 bytes received by P from A in 4.625 seconds.
All messages transmitted. Quitting simulation.
Run 12 (size=32768, k=8)
Node A set to use top 8 paths for routing.
Node A set to use top 8 paths for routing.
Node P set to use top 8 paths for routing.
Node P set to use top 8 paths for routing.
Sending message from A to P of size 32768 bytes.
Timeout on segment 5, reducing window to 1
Timeout on segment 6, reducing window to 1
Timeout on segment 7, reducing window to 1
Triple duplicate ACKs for segment 13, reducing window to 2
Message of size 32768 bytes received by P from A in 4.3916 seconds.
All messages transmitted. Quitting simulation.
Run 13 (size=32768, k=8)
Node A set to use top 8 paths for routing.
Node A set to use top 8 paths for routing.
Node P set to use top 8 paths for routing.
Node P set to use top 8 paths for routing.
Sending message from A to P of size 32768 bytes.
Timeout on segment 7, reducing window to 1
Timeout on segment 5, reducing window to 1
Timeout on segment 6, reducing window to 1
Triple duplicate ACKs for segment 13, reducing window to 2
Triple duplicate ACKs for segment 13, reducing window to 2
Triple duplicate ACKs for segment 16, reducing window to 2
Message of size 32768 bytes received by P from A in 4.6125 seconds.
All messages transmitted. Quitting simulation.
Run 14 (size=32768, k=8)
Node A set to use top 8 paths for routing.
Node A set to use top 8 paths for routing.
Node P set to use top 8 paths for routing.
Node P set to use top 8 paths for routing.
Sending message from A to P of size 32768 bytes.
Timeout on segment 3, reducing window to 1
Message of size 32768 bytes received by P from A in 4.125 seconds.
All messages transmitted. Quitting simulation.
Run 15 (size=32768, k=8)
Node A set to use top 8 paths for routing.
Node A set to use top 8 paths for routing.
Node P set to use top 8 paths for routing.
Node P set to use top 8 paths for routing.
Sending message from A to P of size 32768 bytes.
Timeout on segment 3, reducing window to 1
Message of size 32768 bytes received by P from A in 4.2458 seconds.
All messages transmitted. Quitting simulation.
Run 16 (size=32768, k=8)
Node A set to use top 8 paths for routing.
Node A set to use top 8 paths for routing.
Node P set to use top 8 paths for routing.
Node P set to use top 8 paths for routing.
Sending message from A to P of size 32768 bytes.
Timeout on segment 5, reducing window to 1
Timeout on segment 4, reducing window to 1
Timeout on segment 6, reducing window to 1
Timeout on segment 7, reducing window to 1
Triple duplicate ACKs for segment 8, reducing window to 2
Triple duplicate ACKs for segment 8, reducing window to 2
Triple duplicate ACKs for segment 8, reducing window to 2
Triple duplicate ACKs for segment 11, reducing window to 2
Triple duplicate ACKs for segment 11, reducing window to 2
Triple duplicate ACKs for segment 11, reducing window to 2
Triple duplicate ACKs for segment 15, reducing window to 2
Message of size 32768 bytes received by P from A in 5.3833 seconds.
All messages transmitted. Quitting simulation.
Run 17 (size=32768, k=8)
Node A set to use top 8 paths for routing.
Node A set to use top 8 paths for routing.
Node P set to use top 8 paths for routing.
Node P set to use top 8 paths for routing.
Sending message from A to P of size 32768 bytes.
Timeout on segment 3, reducing window to 1
Message of size 32768 bytes received by P from A in 4.3083 seconds.
All messages transmitted. Quitting simulation.
Run 18 (size=32768, k=8)
Node A set to use top 8 paths for routing.
Node A set to use top 8 paths for routing.
Node P set to use top 8 paths for routing.
Node P set to use top 8 paths for routing.
Sending message from A to P of size 32768 bytes.
Timeout on segment 2, reducing window to 1
Timeout on segment 3, reducing window to 1
Triple duplicate ACKs for segment 6, reducing window to 2
Message of size 32768 bytes received by P from A in 4.7125 seconds.
All messages transmitted. Quitting simulation.
Run 19 (size=32768, k=8)
Node A set to use top 8 paths for routing.
Node A set to use top 8 paths for routing.
Node P set to use top 8 paths for routing.
Node P set to use top 8 paths for routing.
Sending message from A to P of size 32768 bytes.
Timeout on segment 6, reducing window to 1
Timeout on segment 7, reducing window to 1
Timeout on segment 13, reducing window to 1
Timeout on segment 8, reducing window to 1
Timeout on segment 9, reducing window to 1
Timeout on segment 10, reducing window to 1
Timeout on segment 11, reducing window to 1
Timeout on segment 12, reducing window to 1
Triple duplicate ACKs for segment 14, reducing window to 2
Triple duplicate ACKs for segment 14, reducing window to 2
Triple duplicate ACKs for segment 14, reducing window to 2
Triple duplicate ACKs for segment 14, reducing window to 2
Triple duplicate ACKs for segment 14, reducing window to 2
Triple duplicate ACKs for segment 14, reducing window to 2
Triple duplicate ACKs for segment 16, reducing window to 2
Triple duplicate ACKs for segment 16, reducing window to 2
Triple duplicate ACKs for segment 16, reducing window to 2
Triple duplicate ACKs for segment 16, reducing window to 2
Triple duplicate ACKs for segment 16, reducing window to 2
Triple duplicate ACKs for segment 19, reducing window to 2
Triple duplicate ACKs for segment 19, reducing window to 2
Message of size 32768 bytes received by P from A in 5.1583 seconds.
All messages transmitted. Quitting simulation.
Run 20 (size=32768, k=8)
Node A set to use top 8 paths for routing.
Node A set to use top 8 paths for routing.
Node P set to use top 8 paths for routing.
Node P set to use top 8 paths for routing.
Sending message from A to P of size 32768 bytes.
Timeout on segment 7, reducing window to 1
Timeout on segment 5, reducing window to 1
Timeout on segment 6, reducing window to 1
Message of size 32768 bytes received by P from A in 4.2625 seconds.
All messages transmitted. Quitting simulation.
Run 21 (size=32768, k=8)
Node A set to use top 8 paths for routing.
Node A set to use top 8 paths for routing.
Node P set to use top 8 paths for routing.
Node P set to use top 8 paths for routing.
Sending message from A to P of size 32768 bytes.
Timeout on segment 6, reducing window to 1
Timeout on segment 7, reducing window to 1
Message of size 32768 bytes received by P from A in 4.25 seconds.
All messages transmitted. Quitting simulation.
Run 22 (size=32768, k=8)
Node A set to use top 8 paths for routing.
Node A set to use top 8 paths for routing.
Node P set to use top 8 paths for routing.
Node P set to use top 8 paths for routing.
Sending message from A to P of size 32768 bytes.
Timeout on segment 7, reducing window to 1
Timeout on segment 6, reducing window to 1
Message of size 32768 bytes received by P from A in 4.2291 seconds.
All messages transmitted. Quitting simulation.
Run 23 (size=32768, k=8)
Node A set to use top 8 paths for routing.
Node A set to use top 8 paths for routing.
Node P set to use top 8 paths for routing.
Node P set to use top 8 paths for routing.
Sending message from A to P of size 32768 bytes.
Timeout on segment 2, reducing window to 1
Timeout on segment 3, reducing window to 1
Message of size 32768 bytes received by P from A in 4.3125 seconds.
All messages transmitted. Quitting simulation.
Run 24 (size=32768, k=8)
Node A set to use top 8 paths for routing.
Node A set to use top 8 paths for routing.
Node P set to use top 8 paths for routing.
Node P set to use top 8 paths for routing.
Sending message from A to P of size 32768 bytes.
Timeout on segment 3, reducing window to 1
Message of size 32768 bytes received by P from A in 4.1416 seconds.
All messages transmitted. Quitting simulation.
Run 25 (size=32768, k=8)
Node A set to use top 8 paths for routing.
Node A set to use top 8 paths for routing.
Node P set to use top 8 paths for routing.
Node P set to use top 8 paths for routing.
Sending message from A to P of size 32768 bytes.
Timeout on segment 3, reducing window to 1
Message of size 32768 bytes received by P from A in 4.1708 seconds.
All messages transmitted. Quitting simulation.
Run 26 (size=32768, k=8)
Node A set to use top 8 paths for routing.
Node A set to use top 8 paths for routing.
Node P set to use top 8 paths for routing.
Node P set to use top 8 paths for routing.
Sending message from A to P of size 32768 bytes.
Timeout on segment 7, reducing window to 1
Timeout on segment 6, reducing window to 1
Message of size 32768 bytes received by P from A in 4.2208 seconds.
All messages transmitted. Quitting simulation.
Run 27 (size=32768, k=8)
Node A set to use top 8 paths for routing.
Node A set to use top 8 paths for routing.
Node P set to use top 8 paths for routing.
Node P set to use top 8 paths for routing.
Sending message from A to P of size 32768 bytes.
Timeout on segment 7, reducing window to 1
Timeout on segment 6, reducing window to 1
Message of size 32768 bytes received by P from A in 4.3458 seconds.
All messages transmitted. Quitting simulation.
Run 28 (size=32768, k=8)
Node A set to use top 8 paths for routing.
Node A set to use top 8 paths for routing.
Node P set to use top 8 paths for routing.
Node P set to use top 8 paths for routing.
Sending message from A to P of size 32768 bytes.
Timeout on segment 4, reducing window to 1
Timeout on segment 5, reducing window to 1
Timeout on segment 6, reducing window to 1
Timeout on segment 7, reducing window to 1
Triple duplicate ACKs for segment 12, reducing window to 2
Triple duplicate ACKs for segment 12, reducing window to 2
Triple duplicate ACKs for segment 12, reducing window to 2
Triple duplicate ACKs for segment 16, reducing window to 2
Message of size 32768 bytes received by P from A in 4.6958 seconds.
All messages transmitted. Quitting simulation.
Run 29 (size=32768, k=8)
Node A set to use top 8 paths for routing.
Node A set to use top 8 paths for routing.
Node P set to use top 8 paths for routing.
Node P set to use top 8 paths for routing.
Sending message from A to P of size 32768 bytes.
Timeout on segment 7, reducing window to 1
Timeout on segment 6, reducing window to 1
Message of size 32768 bytes received by P from A in 4.2458 seconds.
All messages transmitted. Quitting simulation.
Run 30 (size=32768, k=8)
Node A set to use top 8 paths for routing.
Node A set to use top 8 paths for routing.
Node P set to use top 8 paths for routing.
Node P set to use top 8 paths for routing.
Sending message from A to P of size 32768 bytes.
Timeout on segment 3, reducing window to 1
Message of size 32768 bytes received by P from A in 4.1416 seconds.
All messages transmitted. Quitting simulation.
Run 31 (size=32768, k=8)
Node A set to use top 8 paths for routing.
Node A set to use top 8 paths for routing.
Node P set to use top 8 paths for routing.
Node P set to use top 8 paths for routing.
Sending message from A to P of size 32768 bytes.
Timeout on segment 4, reducing window to 1
Timeout on segment 5, reducing window to 1
Timeout on segment 6, reducing window to 1
Timeout on segment 7, reducing window to 1
Triple duplicate ACKs for segment 8, reducing window to 2
Message of size 32768 bytes received by P from A in 4.5875 seconds.
All messages transmitted. Quitting simulation.
Run 32 (size=32768, k=8)
Node A set to use top 8 paths for routing.
Node A set to use top 8 paths for routing.
Node P set to use top 8 paths for routing.
Node P set to use top 8 paths for routing.
Sending message from A to P of size 32768 bytes.
Timeout on segment 5, reducing window to 1
Timeout on segment 6, reducing window to 1
Timeout on segment 7, reducing window to 1
Triple duplicate ACKs for segment 13, reducing window to 2
Message of size 32768 bytes received by P from A in 4.3333 seconds.
All messages transmitted. Quitting simulation.
Run 33 (size=32768, k=8)
Node A set to use top 8 paths for routing.
Node A set to use top 8 paths for routing.
Node P set to use top 8 paths for routing.
Node P set to use top 8 paths for routing.
Sending message from A to P of size 32768 bytes.
Timeout on segment 3, reducing window to 1
Timeout on segment 6, reducing window to 1
Message of size 32768 bytes received by P from A in 4.7708 seconds.
All messages transmitted. Quitting simulation.
Run 34 (size=32768, k=8)
Node A set to use top 8 paths for routing.
Node A set to use top 8 paths for routing.
Node P set to use top 8 paths for routing.
Node P set to use top 8 paths for routing.
Sending message from A to P of size 32768 bytes.
Timeout on segment 5, reducing window to 1
Timeout on segment 6, reducing window to 1
Timeout on segment 7, reducing window to 1
Message of size 32768 bytes received by P from A in 4.2708 seconds.
All messages transmitted. Quitting simulation.
Run 35 (size=32768, k=8)
Node A set to use top 8 paths for routing.
Node A set to use top 8 paths for routing.
Node P set to use top 8 paths for routing.
Node P set to use top 8 paths for routing.
Sending message from A to P of size 32768 bytes.
Timeout on segment 5, reducing window to 1
Timeout on segment 6, reducing window to 1
Timeout on segment 7, reducing window to 1
Triple duplicate ACKs for segment 13, reducing window to 2
Message of size 32768 bytes received by P from A in 4.3333 seconds.
All messages transmitted. Quitting simulation.
Run 36 (size=32768, k=8)
Node A set to use top 8 paths for routing.
Node A set to use top 8 paths for routing.
Node P set to use top 8 paths for routing.
Node P set to use top 8 paths for routing.
Sending message from A to P of size 32768 bytes.
Timeout on segment 7, reducing window to 1
Timeout on segment 6, reducing window to 1
Timeout on segment 4, reducing window to 1
Timeout on segment 5, reducing window to 1
Timeout on segment 8, reducing window to 1
Timeout on segment 9, reducing window to 1
Timeout on segment 10, reducing window to 1
Timeout on segment 11, reducing window to 1
Triple duplicate ACKs for segment 12, reducing window to 2
Triple duplicate ACKs for segment 12, reducing window to 2
Triple duplicate ACKs for segment 12, reducing window to 2
Triple duplicate ACKs for segment 12, reducing window to 2
Triple duplicate ACKs for segment 12, reducing window to 2
Triple duplicate ACKs for segment 12, reducing window to 2
Triple duplicate ACKs for segment 14, reducing window to 2
Triple duplicate ACKs for segment 14, reducing window to 2
Triple duplicate ACKs for segment 14, reducing window to 2
Triple duplicate ACKs for segment 14, reducing window to 2
Triple duplicate ACKs for segment 14, reducing window to 2
Triple duplicate ACKs for segment 17, reducing window to 2
Triple duplicate ACKs for segment 17, reducing window to 2
Triple duplicate ACKs for segment 17, reducing window to 2
Triple duplicate ACKs for segment 17, reducing window to 2
Triple duplicate ACKs for segment 20, reducing window to 2
Triple duplicate ACKs for segment 20, reducing window to 2
Triple duplicate ACKs for segment 20, reducing window to 2
Triple duplicate ACKs for segment 20, reducing window to 2
Triple duplicate ACKs for segment 22, reducing window to 2
Message of size 32768 bytes received by P from A in 5.3291 seconds.
All messages transmitted. Quitting simulation.
Run 37 (size=32768, k=8)
Node A set to use top 8 paths for routing.
Node A set to use top 8 paths for routing.
Node P set to use top 8 paths for routing.
Node P set to use top 8 paths for routing.
Sending message from A to P of size 32768 bytes.
Timeout on segment 5, reducing window to 1
Timeout on segment 6, reducing window to 1
Timeout on segment 7, reducing window to 1
Triple duplicate ACKs for segment 13, reducing window to 2
Triple duplicate ACKs for segment 16, reducing window to 2
Message of size 32768 bytes received by P from A in 4.7916 seconds.
All messages transmitted. Quitting simulation.
Run 38 (size=32768, k=8)
Node A set to use top 8 paths for routing.
Node A set to use top 8 paths for routing.
Node P set to use top 8 paths for routing.
Node P set to use top 8 paths for routing.
Sending message from A to P of size 32768 bytes.
Timeout on segment 3, reducing window to 1
Timeout on segment 15, reducing window to 1
Timeout on segment 16, reducing window to 1
Triple duplicate ACKs for segment 21, reducing window to 2
Triple duplicate ACKs for segment 21, reducing window to 2
Message of size 32768 bytes received by P from A in 4.5291 seconds.
All messages transmitted. Quitting simulation.
Run 39 (size=32768, k=8)
Node A set to use top 8 paths for routing.
Node A set to use top 8 paths for routing.
Node P set to use top 8 paths for routing.
Node P set to use top 8 paths for routing.
Sending message from A to P of size 32768 bytes.
Timeout on segment 1, reducing window to 1
Message of size 32768 bytes received by P from A in 4.0458 seconds.
All messages transmitted. Quitting simulation.
Run 40 (size=32768, k=8)
Node A set to use top 8 paths for routing.
Node A set to use top 8 paths for routing.
Node P set to use top 8 paths for routing.
Node P set to use top 8 paths for routing.
Sending message from A to P of size 32768 bytes.
Timeout on segment 7, reducing window to 1
Timeout on segment 6, reducing window to 1
Triple duplicate ACKs for segment 14, reducing window to 2
Message of size 32768 bytes received by P from A in 4.3666 seconds.
All messages transmitted. Quitting simulation.
Run 41 (size=32768, k=8)
Node A set to use top 8 paths for routing.
Node A set to use top 8 paths for routing.
Node P set to use top 8 paths for routing.
Node P set to use top 8 paths for routing.
Sending message from A to P of size 32768 bytes.
Timeout on segment 6, reducing window to 1
Timeout on segment 4, reducing window to 1
Timeout on segment 5, reducing window to 1
Timeout on segment 7, reducing window to 1
Triple duplicate ACKs for segment 8, reducing window to 2
Triple duplicate ACKs for segment 8, reducing window to 2
Triple duplicate ACKs for segment 8, reducing window to 2
Triple duplicate ACKs for segment 11, reducing window to 2
Triple duplicate ACKs for segment 15, reducing window to 2
Message of size 32768 bytes received by P from A in 5.1916 seconds.
All messages transmitted. Quitting simulation.
Run 42 (size=32768, k=8)
Node A set to use top 8 paths for routing.
Node A set to use top 8 paths for routing.
Node P set to use top 8 paths for routing.
Node P set to use top 8 paths for routing.
Sending message from A to P of size 32768 bytes.
Timeout on segment 1, reducing window to 1
Triple duplicate ACKs for segment 3, reducing window to 2
Timeout on segment 17, reducing window to 1
Timeout on segment 18, reducing window to 1
Message of size 32768 bytes received by P from A in 4.6541 seconds.
All messages transmitted. Quitting simulation.
Run 43 (size=32768, k=8)
Node A set to use top 8 paths for routing.
Node A set to use top 8 paths for routing.
Node P set to use top 8 paths for routing.
Node P set to use top 8 paths for routing.
Sending message from A to P of size 32768 bytes.
Timeout on segment 3, reducing window to 1
Message of size 32768 bytes received by P from A in 4.2291 seconds.
All messages transmitted. Quitting simulation.
Run 44 (size=32768, k=8)
Node A set to use top 8 paths for routing.
Node A set to use top 8 paths for routing.
Node P set to use top 8 paths for routing.
Node P set to use top 8 paths for routing.
Sending message from A to P of size 32768 bytes.
Timeout on segment 6, reducing window to 1
Timeout on segment 7, reducing window to 1
Triple duplicate ACKs for segment 14, reducing window to 2
Triple duplicate ACKs for segment 17, reducing window to 2
Message of size 32768 bytes received by P from A in 4.5875 seconds.
All messages transmitted. Quitting simulation.
Run 45 (size=32768, k=8)
Node A set to use top 8 paths for routing.
Node A set to use top 8 paths for routing.
Node P set to use top 8 paths for routing.
Node P set to use top 8 paths for routing.
Sending message from A to P of size 32768 bytes.
Timeout on segment 1, reducing window to 1
Message of size 32768 bytes received by P from A in 4.0208 seconds.
All messages transmitted. Quitting simulation.
Run 46 (size=32768, k=8)
Node A set to use top 8 paths for routing.
Node A set to use top 8 paths for routing.
Node P set to use top 8 paths for routing.
Node P set to use top 8 paths for routing.
Sending message from A to P of size 32768 bytes.
Timeout on segment 2, reducing window to 1
Timeout on segment 3, reducing window to 1
Timeout on segment 17, reducing window to 1
Message of size 32768 bytes received by P from A in 4.3916 seconds.
All messages transmitted. Quitting simulation.
Run 47 (size=32768, k=8)
Node A set to use top 8 paths for routing.
Node A set to use top 8 paths for routing.
Node P set to use top 8 paths for routing.
Node P set to use top 8 paths for routing.
Sending message from A to P of size 32768 bytes.
Timeout on segment 5, reducing window to 1
Timeout on segment 6, reducing window to 1
Timeout on segment 7, reducing window to 1
Triple duplicate ACKs for segment 13, reducing window to 2
Triple duplicate ACKs for segment 13, reducing window to 2
Triple duplicate ACKs for segment 16, reducing window to 2
Message of size 32768 bytes received by P from A in 4.7916 seconds.
All messages transmitted. Quitting simulation.
Run 48 (size=32768, k=8)
Node A set to use top 8 paths for routing.
Node A set to use top 8 paths for routing.
Node P set to use top 8 paths for routing.
Node P set to use top 8 paths for routing.
Sending message from A to P of size 32768 bytes.
Timeout on segment 5, reducing window to 1
Timeout on segment 4, reducing window to 1
Timeout on segment 6, reducing window to 1
Timeout on segment 7, reducing window to 1
Triple duplicate ACKs for segment 8, reducing window to 2
Triple duplicate ACKs for segment 8, reducing window to 2
Triple duplicate ACKs for segment 8, reducing window to 2
Triple duplicate ACKs for segment 11, reducing window to 2
Triple duplicate ACKs for segment 11, reducing window to 2
Triple duplicate ACKs for segment 14, reducing window to 2
Message of size 32768 bytes received by P from A in 5.1083 seconds.
All messages transmitted. Quitting simulation.
Run 49 (size=32768, k=8)
Node A set to use top 8 paths for routing.
Node A set to use top 8 paths for routing.
Node P set to use top 8 paths for routing.
Node P set to use top 8 paths for routing.
Sending message from A to P of size 32768 bytes.
Timeout on segment 4, reducing window to 1
Timeout on segment 5, reducing window to 1
Timeout on segment 6, reducing window to 1
Timeout on segment 7, reducing window to 1
Triple duplicate ACKs for segment 12, reducing window to 2
Triple duplicate ACKs for segment 12, reducing window to 2
Triple duplicate ACKs for segment 15, reducing window to 2
Message of size 32768 bytes received by P from A in 4.6291 seconds.
All messages transmitted. Quitting simulation.
Run 50 (size=32768, k=8)
Node A set to use top 8 paths for routing.
Node A set to use top 8 paths for routing.
Node P set to use top 8 paths for routing.
Node P set to use top 8 paths for routing.
Sending message from A to P of size 32768 bytes.
Timeout on segment 1, reducing window to 1
Message of size 32768 bytes received by P from A in 4.0416 seconds.
All messages transmitted. Quitting simulation.
