Run 1 (size=65536, k=1)
Node A set to use top 1 paths for routing.
Node A set to use top 1 paths for routing.
Node P set to use top 1 paths for routing.
Node P set to use top 1 paths for routing.
Sending message from A to P of size 65536 bytes.
Timeout on segment 3, reducing window to 1
Timeout on segment 5, reducing window to 1
Timeout on segment 6, reducing window to 1
Triple duplicate ACKs for segment 8, reducing window to 2
Message of size 65536 bytes received by P from A in 7.7333 seconds.
All messages transmitted. Quitting simulation.
Run 2 (size=65536, k=1)
Node A set to use top 1 paths for routing.
Node A set to use top 1 paths for routing.
Node P set to use top 1 paths for routing.
Node P set to use top 1 paths for routing.
Sending message from A to P of size 65536 bytes.
Timeout on segment 3, reducing window to 1
Message of size 65536 bytes received by P from A in 7.3041 seconds.
All messages transmitted. Quitting simulation.
Run 3 (size=65536, k=1)
Node A set to use top 1 paths for routing.
Node A set to use top 1 paths for routing.
Node P set to use top 1 paths for routing.
Node P set to use top 1 paths for routing.
Sending message from A to P of size 65536 bytes.
Timeout on segment 2, reducing window to 1
Timeout on segment 3, reducing window to 1
Triple duplicate ACKs for segment 4, reducing window to 2
Message of size 65536 bytes received by P from A in 7.3041 seconds.
All messages transmitted. Quitting simulation.
Run 4 (size=65536, k=1)
Node A set to use top 1 paths for routing.
Node A set to use top 1 paths for routing.
Node P set to use top 1 paths for routing.
Node P set to use top 1 paths for routing.
Sending message from A to P of size 65536 bytes.
Timeout on segment 3, reducing window to 1
Message of size 65536 bytes received by P from A in 7.1208 seconds.
All messages transmitted. Quitting simulation.
Run 5 (size=65536, k=1)
Node A set to use top 1 paths for routing.
Node A set to use top 1 paths for routing.
Node P set to use top 1 paths for routing.
Node P set to use top 1 paths for routing.
Sending message from A to P of size 65536 bytes.
Timeout on segment 3, reducing window to 1
Timeout on segment 6, reducing window to 1
Message of size 65536 bytes received by P from A in 7.5916 seconds.
All messages transmitted. Quitting simulation.
Run 6 (size=65536, k=1)
Node A set to use top 1 paths for routing.
Node A set to use top 1 paths for routing.
Node P set to use top 1 paths for routing.
Node P set to use top 1 paths for routing.
Sending message from A to P of size 65536 bytes.
Timeout on segment 2, reducing window to 1
Timeout on segment 3, reducing window to 1
Triple duplicate ACKs for segment 4, reducing window to 2
Message of size 65536 bytes received by P from A in 7.1874 seconds.
All messages transmitted. Quitting simulation.
Run 7 (size=65536, k=1)
Node A set to use top 1 paths for routing.
Node A set to use top 1 paths for routing.
Node P set to use top 1 paths for routing.
Node P set to use top 1 paths for routing.
Sending message from A to P of size 65536 bytes.
Timeout on segment 1, reducing window to 1
Timeout on segment 16, reducing window to 1
Message of size 65536 bytes received by P from A in 7.7666 seconds.
All messages transmitted. Quitting simulation.
Run 8 (size=65536, k=1)
Node A set to use top 1 paths for routing.
Node A set to use top 1 paths for routing.
Node P set to use top 1 paths for routing.
Node P set to use top 1 paths for routing.
Sending message from A to P of size 65536 bytes.
Timeout on segment 2, reducing window to 1
Timeout on segment 3, reducing window to 1
Triple duplicate ACKs for segment 4, reducing window to 2
Timeout on segment 19, reducing window to 1
Timeout on segment 20, reducing window to 1
Triple duplicate ACKs for segment 26, reducing window to 2
Message of size 65536 bytes received by P from A in 8.5541 seconds.
All messages transmitted. Quitting simulation.
Run 9 (size=65536, k=1)
Node A set to use top 1 paths for routing.
Node A set to use top 1 paths for routing.
Node P set to use top 1 paths for routing.
Node P set to use top 1 paths for routing.
Sending message from A to P of size 65536 bytes.
Timeout on segment 3, reducing window to 1
Timeout on segment 30, reducing window to 1
Timeout on segment 31, reducing window to 1
Timeout on segment 32, reducing window to 1
Triple duplicate ACKs for segment 39, reducing window to 2
Triple duplicate ACKs for segment 39, reducing window to 2
Triple duplicate ACKs for segment 41, reducing window to 2
Message of size 65536 bytes received by P from A in 8.5874 seconds.
All messages transmitted. Quitting simulation.
Run 10 (size=65536, k=1)
Node A set to use top 1 paths for routing.
Node A set to use top 1 paths for routing.
Node P set to use top 1 paths for routing.
Node P set to use top 1 paths for routing.
Sending message from A to P of size 65536 bytes.
Timeout on segment 2, reducing window to 1
Timeout on segment 3, reducing window to 1
Triple duplicate ACKs for segment 4, reducing window to 2
Message of size 65536 bytes received by P from A in 7.2874 seconds.
All messages transmitted. Quitting simulation.
Run 11 (size=65536, k=1)
Node A set to use top 1 paths for routing.
Node A set to use top 1 paths for routing.
Node P set to use top 1 paths for routing.
Node P set to use top 1 paths for routing.
Sending message from A to P of size 65536 bytes.
Timeout on segment 2, reducing window to 1
Timeout on segment 3, reducing window to 1
Triple duplicate ACKs for segment 4, reducing window to 2
Message of size 65536 bytes received by P from A in 7.2833 seconds.
All messages transmitted. Quitting simulation.
Run 12 (size=65536, k=1)
Node A set to use top 1 paths for routing.
Node A set to use top 1 paths for routing.
Node P set to use top 1 paths for routing.
Node P set to use top 1 paths for routing.
Sending message from A to P of size 65536 bytes.
Timeout on segment 3, reducing window to 1
Timeout on segment 5, reducing window to 1
Timeout on segment 6, reducing window to 1
Triple duplicate ACKs for segment 8, reducing window to 2
Timeout on segment 9, reducing window to 1
Timeout on segment 18, reducing window to 1
Timeout on segment 19, reducing window to 1
Triple duplicate ACKs for segment 23, reducing window to 2
Timeout on segment 34, reducing window to 1
Message of size 65536 bytes received by P from A in 10.2666 seconds.
All messages transmitted. Quitting simulation.
Run 13 (size=65536, k=1)
Node A set to use top 1 paths for routing.
Node A set to use top 1 paths for routing.
Node P set to use top 1 paths for routing.
Node P set to use top 1 paths for routing.
Sending message from A to P of size 65536 bytes.
Timeout on segment 3, reducing window to 1
Message of size 65536 bytes received by P from A in 7.1416 seconds.
All messages transmitted. Quitting simulation.
Run 14 (size=65536, k=1)
Node A set to use top 1 paths for routing.
Node A set to use top 1 paths for routing.
Node P set to use top 1 paths for routing.
Node P set to use top 1 paths for routing.
Sending message from A to P of size 65536 bytes.
Timeout on segment 3, reducing window to 1
Timeout on segment 16, reducing window to 1
Message of size 65536 bytes received by P from A in 7.7749 seconds.
All messages transmitted. Quitting simulation.
Run 15 (size=65536, k=1)
Node A set to use top 1 paths for routing.
Node A set to use top 1 paths for routing.
Node P set to use top 1 paths for routing.
Node P set to use top 1 paths for routing.
Sending message from A to P of size 65536 bytes.
Timeout on segment 1, reducing window to 1
Message of size 65536 bytes received by P from A in 7.1583 seconds.
All messages transmitted. Quitting simulation.
Run 16 (size=65536, k=1)
Node A set to use top 1 paths for routing.
Node A set to use top 1 paths for routing.
Node P set to use top 1 paths for routing.
Node P set to use top 1 paths for routing.
Sending message from A to P of size 65536 bytes.
Timeout on segment 3, reducing window to 1
Timeout on segment 4, reducing window to 1
Timeout on segment 5, reducing window to 1
Timeout on segment 6, reducing window to 1
Triple duplicate ACKs for segment 7, reducing window to 2
Triple duplicate ACKs for segment 7, reducing window to 2
Triple duplicate ACKs for segment 7, reducing window to 2
Triple duplicate ACKs for segment 9, reducing window to 2
Triple duplicate ACKs for segment 9, reducing window to 2
Triple duplicate ACKs for segment 12, reducing window to 2
Message of size 65536 bytes received by P from A in 8.5916 seconds.
All messages transmitted. Quitting simulation.
Run 17 (size=65536, k=1)
Node A set to use top 1 paths for routing.
Node A set to use top 1 paths for routing.
Node P set to use top 1 paths for routing.
Node P set to use top 1 paths for routing.
Sending message from A to P of size 65536 bytes.
Timeout on segment 2, reducing window to 1
Timeout on segment 3, reducing window to 1
Triple duplicate ACKs for segment 4, reducing window to 2
Message of size 65536 bytes received by P from A in 7.4833 seconds.
All messages transmitted. Quitting simulation.
Run 18 (size=65536, k=1)
Node A set to use top 1 paths for routing.
Node A set to use top 1 paths for routing.
Node P set to use top 1 paths for routing.
Node P set to use top 1 paths for routing.
Sending message from A to P of size 65536 bytes.
Timeout on segment 3, reducing window to 1
Message of size 65536 bytes received by P from A in 7.0666 seconds.
All messages transmitted. Quitting simulation.
Run 19 (size=65536, k=1)
Node A set to use top 1 paths for routing.
Node A set to use top 1 paths for routing.
Node P set to use top 1 paths for routing.
Node P set to use top 1 paths for routing.
Sending message from A to P of size 65536 bytes.
Timeout on segment 2, reducing window to 1
Timeout on segment 3, reducing window to 1
Triple duplicate ACKs for segment 4, reducing window to 2
Message of size 65536 bytes received by P from A in 7.2833 seconds.
All messages transmitted. Quitting simulation.
Run 20 (size=65536, k=1)
Node A set to use top 1 paths for routing.
Node A set to use top 1 paths for routing.
Node P set to use top 1 paths for routing.
Node P set to use top 1 paths for routing.
Sending message from A to P of size 65536 bytes.
Timeout on segment 3, reducing window to 1
Message of size 65536 bytes received by P from A in 6.9916 seconds.
All messages transmitted. Quitting simulation.
Run 21 (size=65536, k=1)
Node A set to use top 1 paths for routing.
Node A set to use top 1 paths for routing.
Node P set to use top 1 paths for routing.
Node P set to use top 1 paths for routing.
Sending message from A to P of size 65536 bytes.
Timeout on segment 3, reducing window to 1
Timeout on segment 24, reducing window to 1
Message of size 65536 bytes received by P from A in 8.3582 seconds.
All messages transmitted. Quitting simulation.
Run 22 (size=65536, k=1)
Node A set to use top 1 paths for routing.
Node A set to use top 1 paths for routing.
Node P set to use top 1 paths for routing.
Node P set to use top 1 paths for routing.
Sending message from A to P of size 65536 bytes.
Timeout on segment 1, reducing window to 1
Timeout on segment 26, reducing window to 1
Timeout on segment 27, reducing window to 1
Triple duplicate ACKs for segment 35, reducing window to 2
Message of size 65536 bytes received by P from A in 8.1958 seconds.
All messages transmitted. Quitting simulation.
Run 23 (size=65536, k=1)
Node A set to use top 1 paths for routing.
Node A set to use top 1 paths for routing.
Node P set to use top 1 paths for routing.
Node P set to use top 1 paths for routing.
Sending message from A to P of size 65536 bytes.
Timeout on segment 3, reducing window to 1
Timeout on segment 33, reducing window to 1
Message of size 65536 bytes received by P from A in 7.4833 seconds.
All messages transmitted. Quitting simulation.
Run 24 (size=65536, k=1)
Node A set to use top 1 paths for routing.
Node A set to use top 1 paths for routing.
Node P set to use top 1 paths for routing.
Node P set to use top 1 paths for routing.
Sending message from A to P of size 65536 bytes.
Timeout on segment 3, reducing window to 1
Timeout on segment 15, reducing window to 1
Timeout on segment 16, reducing window to 1
Timeout on segment 17, reducing window to 1
Triple duplicate ACKs for segment 21, reducing window to 2
Triple duplicate ACKs for segment 21, reducing window to 2
Triple duplicate ACKs for segment 23, reducing window to 2
Message of size 65536 bytes received by P from A in 8.7749 seconds.
All messages transmitted. Quitting simulation.
Run 25 (size=65536, k=1)
Node A set to use top 1 paths for routing.
Node A set to use top 1 paths for routing.
Node P set to use top 1 paths for routing.
Node P set to use top 1 paths for routing.
Sending message from A to P of size 65536 bytes.
Timeout on segment 2, reducing window to 1
Timeout on segment 3, reducing window to 1
Triple duplicate ACKs for segment 4, reducing window to 2
Message of size 65536 bytes received by P from A in 7.3041 seconds.
All messages transmitted. Quitting simulation.
Run 26 (size=65536, k=1)
Node A set to use top 1 paths for routing.
Node A set to use top 1 paths for routing.
Node P set to use top 1 paths for routing.
Node P set to use top 1 paths for routing.
Sending message from A to P of size 65536 bytes.
Timeout on segment 3, reducing window to 1
Message of size 65536 bytes received by P from A in 7.1374 seconds.
All messages transmitted. Quitting simulation.
Run 27 (size=65536, k=1)
Node A set to use top 1 paths for routing.
Node A set to use top 1 paths for routing.
Node P set to use top 1 paths for routing.
Node P set to use top 1 paths for routing.
Sending message from A to P of size 65536 bytes.
Timeout on segment 3, reducing window to 1
Message of size 65536 bytes received by P from A in 7.1708 seconds.
All messages transmitted. Quitting simulation.
Run 28 (size=65536, k=1)
Node A set to use top 1 paths for routing.
Node A set to use top 1 paths for routing.
Node P set to use top 1 paths for routing.
Node P set to use top 1 paths for routing.
Sending message from A to P of size 65536 bytes.
Timeout on segment 2, reducing window to 1
Timeout on segment 3, reducing window to 1
Triple duplicate ACKs for segment 4, reducing window to 2
Message of size 65536 bytes received by P from A in 7.1583 seconds.
All messages transmitted. Quitting simulation.
Run 29 (size=65536, k=1)
Node A set to use top 1 paths for routing.
Node A set to use top 1 paths for routing.
Node P set to use top 1 paths for routing.
Node P set to use top 1 paths for routing.
Sending message from A to P of size 65536 bytes.
Timeout on segment 2, reducing window to 1
Timeout on segment 3, reducing window to 1
Triple duplicate ACKs for segment 4, reducing window to 2
Timeout on segment 25, reducing window to 1
Timeout on segment 26, reducing window to 1
Triple duplicate ACKs for segment 33, reducing window to 2
Message of size 65536 bytes received by P from A in 8.3999 seconds.
All messages transmitted. Quitting simulation.
Run 30 (size=65536, k=1)
Node A set to use top 1 paths for routing.
Node A set to use top 1 paths for routing.
Node P set to use top 1 paths for routing.
Node P set to use top 1 paths for routing.
Sending message from A to P of size 65536 bytes.
Timeout on segment 3, reducing window to 1
Timeout on segment 4, reducing window to 1
Timeout on segment 5, reducing window to 1
Timeout on segment 6, reducing window to 1
Triple duplicate ACKs for segment 7, reducing window to 2
Triple duplicate ACKs for segment 7, reducing window to 2
Triple duplicate ACKs for segment 7, reducing window to 2
Triple duplicate ACKs for segment 9, reducing window to 2
Triple duplicate ACKs for segment 9, reducing window to 2
Triple duplicate ACKs for segment 11, reducing window to 2
Message of size 65536 bytes received by P from A in 8.4832 seconds.
All messages transmitted. Quitting simulation.
Run 31 (size=65536, k=1)
Node A set to use top 1 paths for routing.
Node A set to use top 1 paths for routing.
Node P set to use top 1 paths for routing.
Node P set to use top 1 paths for routing.
Sending message from A to P of size 65536 bytes.
Timeout on segment 3, reducing window to 1
Timeout on segment 35, reducing window to 1
Message of size 65536 bytes received by P from A in 7.4541 seconds.
All messages transmitted. Quitting simulation.
Run 32 (size=65536, k=1)
Node A set to use top 1 paths for routing.
Node A set to use top 1 paths for routing.
Node P set to use top 1 paths for routing.
Node P set to use top 1 paths for routing.
Sending message from A to P of size 65536 bytes.
Timeout on segment 2, reducing window to 1
Timeout on segment 3, reducing window to 1
Triple duplicate ACKs for segment 4, reducing window to 2
Message of size 65536 bytes received by P from A in 7.5333 seconds.
All messages transmitted. Quitting simulation.
Run 33 (size=65536, k=1)
Node A set to use top 1 paths for routing.
Node A set to use top 1 paths for routing.
Node P set to use top 1 paths for routing.
Node P set to use top 1 paths for routing.
Sending message from A to P of size 65536 bytes.
Timeout on segment 1, reducing window to 1
Message of size 65536 bytes received by P from A in 6.9499 seconds.
All messages transmitted. Quitting simulation.
Run 34 (size=65536, k=1)
Node A set to use top 1 paths for routing.
Node A set to use top 1 paths for routing.
Node P set to use top 1 paths for routing.
Node P set to use top 1 paths for routing.
Sending message from A to P of size 65536 bytes.
Timeout on segment 3, reducing window to 1
Message of size 65536 bytes received by P from A in 6.9833 seconds.
All messages transmitted. Quitting simulation.
Run 35 (size=65536, k=1)
Node A set to use top 1 paths for routing.
Node A set to use top 1 paths for routing.
Node P set to use top 1 paths for routing.
Node P set to use top 1 paths for routing.
Sending message from A to P of size 65536 bytes.
Timeout on segment 2, reducing window to 1
Timeout on segment 3, reducing window to 1
Triple duplicate ACKs for segment 4, reducing window to 2
Message of size 65536 bytes received by P from A in 7.3333 seconds.
All messages transmitted. Quitting simulation.
Run 36 (size=65536, k=1)
Node A set to use top 1 paths for routing.
Node A set to use top 1 paths for routing.
Node P set to use top 1 paths for routing.
Node P set to use top 1 paths for routing.
Sending message from A to P of size 65536 bytes.
Timeout on segment 3, reducing window to 1
Timeout on segment 4, reducing window to 1
Timeout on segment 5, reducing window to 1
Timeout on segment 6, reducing window to 1
Triple duplicate ACKs for segment 7, reducing window to 2
Triple duplicate ACKs for segment 7, reducing window to 2
Triple duplicate ACKs for segment 7, reducing window to 2
Triple duplicate ACKs for segment 9, reducing window to 2
Triple duplicate ACKs for segment 9, reducing window to 2
Triple duplicate ACKs for segment 13, reducing window to 2
Timeout on segment 36, reducing window to 1
Message of size 65536 bytes received by P from A in 8.6749 seconds.
All messages transmitted. Quitting simulation.
Run 37 (size=65536, k=1)
Node A set to use top 1 paths for routing.
Node A set to use top 1 paths for routing.
Node P set to use top 1 paths for routing.
Node P set to use top 1 paths for routing.
Sending message from A to P of size 65536 bytes.
Timeout on segment 2, reducing window to 1
Timeout on segment 3, reducing window to 1
Triple duplicate ACKs for segment 4, reducing window to 2
Message of size 65536 bytes received by P from A in 7.3916 seconds.
All messages transmitted. Quitting simulation.
Run 38 (size=65536, k=1)
Node A set to use top 1 paths for routing.
Node A set to use top 1 paths for routing.
Node P set to use top 1 paths for routing.
Node P set to use top 1 paths for routing.
Sending message from A to P of size 65536 bytes.
Timeout on segment 2, reducing window to 1
Timeout on segment 3, reducing window to 1
Triple duplicate ACKs for segment 4, reducing window to 2
Timeout on segment 29, reducing window to 1
Timeout on segment 30, reducing window to 1
Timeout on segment 31, reducing window to 1
Timeout on segment 32, reducing window to 1
Timeout on segment 33, reducing window to 1
Triple duplicate ACKs for segment 38, reducing window to 2
Triple duplicate ACKs for segment 38, reducing window to 2
Triple duplicate ACKs for segment 38, reducing window to 2
Triple duplicate ACKs for segment 38, reducing window to 2
Triple duplicate ACKs for segment 40, reducing window to 2
Triple duplicate ACKs for segment 40, reducing window to 2
Triple duplicate ACKs for segment 40, reducing window to 2
Triple duplicate ACKs for segment 42, reducing window to 2
Triple duplicate ACKs for segment 42, reducing window to 2
Triple duplicate ACKs for segment 44, reducing window to 2
Message of size 65536 bytes received by P from A in 9.2499 seconds.
All messages transmitted. Quitting simulation.
Run 39 (size=65536, k=1)
Node A set to use top 1 paths for routing.
Node A set to use top 1 paths for routing.
Node P set to use top 1 paths for routing.
Node P set to use top 1 paths for routing.
Sending message from A to P of size 65536 bytes.
Timeout on segment 1, reducing window to 1
Timeout on segment 28, reducing window to 1
Message of size 65536 bytes received by P from A in 7.6374 seconds.
All messages transmitted. Quitting simulation.
Run 40 (size=65536, k=1)
Node A set to use top 1 paths for routing.
Node A set to use top 1 paths for routing.
Node P set to use top 1 paths for routing.
Node P set to use top 1 paths for routing.
Sending message from A to P of size 65536 bytes.
Timeout on segment 3, reducing window to 1
Timeout on segment 23, reducing window to 1
Message of size 65536 bytes received by P from A in 8.5166 seconds.
All messages transmitted. Quitting simulation.
Run 41 (size=65536, k=1)
Node A set to use top 1 paths for routing.
Node A set to use top 1 paths for routing.
Node P set to use top 1 paths for routing.
Node P set to use top 1 paths for routing.
Sending message from A to P of size 65536 bytes.
Timeout on segment 2, reducing window to 1
Timeout on segment 3, reducing window to 1
Triple duplicate ACKs for segment 4, reducing window to 2
Timeout on segment 33, reducing window to 1
Timeout on segment 34, reducing window to 1
Triple duplicate ACKs for segment 42, reducing window to 2
Message of size 65536 bytes received by P from A in 7.9416 seconds.
All messages transmitted. Quitting simulation.
Run 42 (size=65536, k=1)
Node A set to use top 1 paths for routing.
Node A set to use top 1 paths for routing.
Node P set to use top 1 paths for routing.
Node P set to use top 1 paths for routing.
Sending message from A to P of size 65536 bytes.
Timeout on segment 3, reducing window to 1
Timeout on segment 16, reducing window to 1
Message of size 65536 bytes received by P from A in 7.7999 seconds.
All messages transmitted. Quitting simulation.
Run 43 (size=65536, k=1)
Node A set to use top 1 paths for routing.
Node A set to use top 1 paths for routing.
Node P set to use top 1 paths for routing.
Node P set to use top 1 paths for routing.
Sending message from A to P of size 65536 bytes.
Timeout on segment 2, reducing window to 1
Timeout on segment 3, reducing window to 1
Triple duplicate ACKs for segment 4, reducing window to 2
Message of size 65536 bytes received by P from A in 7.6083 seconds.
All messages transmitted. Quitting simulation.
Run 44 (size=65536, k=1)
Node A set to use top 1 paths for routing.
Node A set to use top 1 paths for routing.
Node P set to use top 1 paths for routing.
Node P set to use top 1 paths for routing.
Sending message from A to P of size 65536 bytes.
Timeout on segment 3, reducing window to 1
Message of size 65536 bytes received by P from A in 7.0833 seconds.
All messages transmitted. Quitting simulation.
Run 45 (size=65536, k=1)
Node A set to use top 1 paths for routing.
Node A set to use top 1 paths for routing.
Node P set to use top 1 paths for routing.
Node P set to use top 1 paths for routing.
Sending message from A to P of size 65536 bytes.
Timeout on segment 3, reducing window to 1
Timeout on segment 4, reducing window to 1
Timeout on segment 5, reducing window to 1
Timeout on segment 6, reducing window to 1
Triple duplicate ACKs for segment 7, reducing window to 2
Triple duplicate ACKs for segment 7, reducing window to 2
Triple duplicate ACKs for segment 7, reducing window to 2
Triple duplicate ACKs for segment 9, reducing window to 2
Triple duplicate ACKs for segment 9, reducing window to 2
Triple duplicate ACKs for segment 12, reducing window to 2
Message of size 65536 bytes received by P from A in 8.6707 seconds.
All messages transmitted. Quitting simulation.
Run 46 (size=65536, k=1)
Node A set to use top 1 paths for routing.
Node A set to use top 1 paths for routing.
Node P set to use top 1 paths for routing.
Node P set to use top 1 paths for routing.
Sending message from A to P of size 65536 bytes.
Timeout on segment 3, reducing window to 1
Message of size 65536 bytes received by P from A in 6.9874 seconds.
All messages transmitted. Quitting simulation.
Run 47 (size=65536, k=1)
Node A set to use top 1 paths for routing.
Node A set to use top 1 paths for routing.
Node P set to use top 1 paths for routing.
Node P set to use top 1 paths for routing.
Sending message from A to P of size 65536 bytes.
Timeout on segment 3, reducing window to 1
Timeout on segment 21, reducing window to 1
Timeout on segment 22, reducing window to 1
Timeout on segment 23, reducing window to 1
Triple duplicate ACKs for segment 28, reducing window to 2
Triple duplicate ACKs for segment 28, reducing window to 2
Message of size 65536 bytes received by P from A in 8.5791 seconds.
All messages transmitted. Quitting simulation.
Run 48 (size=65536, k=1)
Node A set to use top 1 paths for routing.
Node A set to use top 1 paths for routing.
Node P set to use top 1 paths for routing.
Node P set to use top 1 paths for routing.
Sending message from A to P of size 65536 bytes.
Timeout on segment 3, reducing window to 1
Message of size 65536 bytes received by P from A in 6.9291 seconds.
All messages transmitted. Quitting simulation.
Run 49 (size=65536, k=1)
Node A set to use top 1 paths for routing.
Node A set to use top 1 paths for routing.
Node P set to use top 1 paths for routing.
Node P set to use top 1 paths for routing.
Sending message from A to P of size 65536 bytes.
Timeout on segment 3, reducing window to 1
Timeout on segment 4, reducing window to 1
Timeout on segment 5, reducing window to 1
Timeout on segment 6, reducing window to 1
Triple duplicate ACKs for segment 7, reducing window to 2
Triple duplicate ACKs for segment 7, reducing window to 2
Triple duplicate ACKs for segment 7, reducing window to 2
Triple duplicate ACKs for segment 9, reducing window to 2
Triple duplicate ACKs for segment 9, reducing window to 2
Triple duplicate ACKs for segment 12, reducing window to 2
Message of size 65536 bytes received by P from A in 8.3374 seconds.
All messages transmitted. Quitting simulation.
Run 50 (size=65536, k=1)
Node A set to use top 1 paths for routing.
Node A set to use top 1 paths for routing.
Node P set to use top 1 paths for routing.
Node P set to use top 1 paths for routing.
Sending message from A to P of size 65536 bytes.
Timeout on segment 3, reducing window to 1
Message of size 65536 bytes received by P from A in 7.4749 seconds.
All messages transmitted. Quitting simulation.
