Run 1 (size=32768, k=1)
Node A set to use top 1 paths for routing.
Node A set to use top 1 paths for routing.
Node P set to use top 1 paths for routing.
Node P set to use top 1 paths for routing.
Sending message from A to P of size 32768 bytes.
Timeout on segment 3, reducing window to 1
Timeout on segment 4, reducing window to 1
Timeout on segment 5, reducing window to 1
Timeout on segment 6, reducing window to 1
Triple duplicate ACKs for segment 7, reducing window to 2
Triple duplicate ACKs for segment 7, reducing window to 2
Triple duplicate ACKs for segment 7, reducing window to 2
Triple duplicate ACKs for segment 9, reducing window to 2
Message of size 32768 bytes received by P from A in 5.8291 seconds.
All messages transmitted. Quitting simulation.
Run 2 (size=32768, k=1)
Node A set to use top 1 paths for routing.
Node A set to use top 1 paths for routing.
Node P set to use top 1 paths for routing.
Node P set to use top 1 paths for routing.
Sending message from A to P of size 32768 bytes.
Timeout on segment 2, reducing window to 1
Timeout on segment 3, reducing window to 1
Triple duplicate ACKs for segment 4, reducing window to 2
Message of size 32768 bytes received by P from A in 4.9583 seconds.
All messages transmitted. Quitting simulation.
Run 3 (size=32768, k=1)
Node A set to use top 1 paths for routing.
Node A set to use top 1 paths for routing.
Node P set to use top 1 paths for routing.
Node P set to use top 1 paths for routing.
Sending message from A to P of size 32768 bytes.
Timeout on segment 3, reducing window to 1
Message of size 32768 bytes received by P from A in 4.6916 seconds.
All messages transmitted. Quitting simulation.
Run 4 (size=32768, k=1)
Node A set to use top 1 paths for routing.
Node A set to use top 1 paths for routing.
Node P set to use top 1 paths for routing.
Node P set to use top 1 paths for routing.
Sending message from A to P of size 32768 bytes.
Timeout on segment 2, reducing window to 1
Timeout on segment 3, reducing window to 1
Triple duplicate ACKs for segment 4, reducing window to 2
Message of size 32768 bytes received by P from A in 4.9 seconds.
All messages transmitted. Quitting simulation.
Run 5 (size=32768, k=1)
Node A set to use top 1 paths for routing.
Node A set to use top 1 paths for routing.
Node P set to use top 1 paths for routing.
Node P set to use top 1 paths for routing.
Sending message from A to P of size 32768 bytes.
Timeout on segment 1, reducing window to 1
Message of size 32768 bytes received by P from A in 4.5 seconds.
All messages transmitted. Quitting simulation.
Run 6 (size=32768, k=1)
Node A set to use top 1 paths for routing.
Node A set to use top 1 paths for routing.
Node P set to use top 1 paths for routing.
Node P set to use top 1 paths for routing.
Sending message from A to P of size 32768 bytes.
Timeout on segment 3, reducing window to 1
Message of size 32768 bytes received by P from A in 4.5041 seconds.
All messages transmitted. Quitting simulation.
Run 7 (size=32768, k=1)
Node A set to use top 1 paths for routing.
Node A set to use top 1 paths for routing.
Node P set to use top 1 paths for routing.
Node P set to use top 1 paths for routing.
Sending message from A to P of size 32768 bytes.
Timeout on segment 3, reducing window to 1
Message of size 32768 bytes received by P from A in 4.7 seconds.
All messages transmitted. Quitting simulation.
Run 8 (size=32768, k=1)
Node A set to use top 1 paths for routing.
Node A set to use top 1 paths for routing.
Node P set to use top 1 paths for routing.
Node P set to use top 1 paths for routing.
Sending message from A to P of size 32768 bytes.
Timeout on segment 3, reducing window to 1
Message of size 32768 bytes received by P from A in 4.7833 seconds.
All messages transmitted. Quitting simulation.
Run 9 (size=32768, k=1)
Node A set to use top 1 paths for routing.
Node A set to use top 1 paths for routing.
Node P set to use top 1 paths for routing.
Node P set to use top 1 paths for routing.
Sending message from A to P of size 32768 bytes.
Timeout on segment 3, reducing window to 1
Timeout on segment 16, reducing window to 1
Message of size 32768 bytes received by P from A in 4.8916 seconds.
All messages transmitted. Quitting simulation.
Run 10 (size=32768, k=1)
Node A set to use top 1 paths for routing.
Node A set to use top 1 paths for routing.
Node P set to use top 1 paths for routing.
Node P set to use top 1 paths for routing.
Sending message from A to P of size 32768 bytes.
Timeout on segment 3, reducing window to 1
Timeout on segment 12, reducing window to 1
Message of size 32768 bytes received by P from A in 5.3958 seconds.
All messages transmitted. Quitting simulation.
Run 11 (size=32768, k=1)
Node A set to use top 1 paths for routing.
Node A set to use top 1 paths for routing.
Node P set to use top 1 paths for routing.
Node P set to use top 1 paths for routing.
Sending message from A to P of size 32768 bytes.
Timeout on segment 2, reducing window to 1
Timeout on segment 3, reducing window to 1
Triple duplicate ACKs for segment 4, reducing window to 2
Message of size 32768 bytes received by P from A in 4.9791 seconds.
All messages transmitted. Quitting simulation.
Run 12 (size=32768, k=1)
Node A set to use top 1 paths for routing.
Node A set to use top 1 paths for routing.
Node P set to use top 1 paths for routing.
Node P set to use top 1 paths for routing.
Sending message from A to P of size 32768 bytes.
Timeout on segment 3, reducing window to 1
Message of size 32768 bytes received by P from A in 4.4708 seconds.
All messages transmitted. Quitting simulation.
Run 13 (size=32768, k=1)
Node A set to use top 1 paths for routing.
Node A set to use top 1 paths for routing.
Node P set to use top 1 paths for routing.
Node P set to use top 1 paths for routing.
Sending message from A to P of size 32768 bytes.
Timeout on segment 2, reducing window to 1
Timeout on segment 3, reducing window to 1
Triple duplicate ACKs for segment 4, reducing window to 2
Message of size 32768 bytes received by P from A in 4.8208 seconds.
All messages transmitted. Quitting simulation.
Run 14 (size=32768, k=1)
Node A set to use top 1 paths for routing.
Node A set to use top 1 paths for routing.
Node P set to use top 1 paths for routing.
Node P set to use top 1 paths for routing.
Sending message from A to P of size 32768 bytes.
Timeout on segment 3, reducing window to 1
Message of size 32768 bytes received by P from A in 4.7291 seconds.
All messages transmitted. Quitting simulation.
Run 15 (size=32768, k=1)
Node A set to use top 1 paths for routing.
Node A set to use top 1 paths for routing.
Node P set to use top 1 paths for routing.
Node P set to use top 1 paths for routing.
Sending message from A to P of size 32768 bytes.
Timeout on segment 2, reducing window to 1
Timeout on segment 3, reducing window to 1
Triple duplicate ACKs for segment 4, reducing window to 2
Message of size 32768 bytes received by P from A in 5.0041 seconds.
All messages transmitted. Quitting simulation.
Run 16 (size=32768, k=1)
Node A set to use top 1 paths for routing.
Node A set to use top 1 paths for routing.
Node P set to use top 1 paths for routing.
Node P set to use top 1 paths for routing.
Sending message from A to P of size 32768 bytes.
Timeout on segment 2, reducing window to 1
Timeout on segment 3, reducing window to 1
Triple duplicate ACKs for segment 4, reducing window to 2
Message of size 32768 bytes received by P from A in 4.7833 seconds.
All messages transmitted. Quitting simulation.
Run 17 (size=32768, k=1)
Node A set to use top 1 paths for routing.
Node A set to use top 1 paths for routing.
Node P set to use top 1 paths for routing.
Node P set to use top 1 paths for routing.
Sending message from A to P of size 32768 bytes.
Timeout on segment 3, reducing window to 1
Message of size 32768 bytes received by P from A in 4.5875 seconds.
All messages transmitted. Quitting simulation.
Run 18 (size=32768, k=1)
Node A set to use top 1 paths for routing.
Node A set to use top 1 paths for routing.
Node P set to use top 1 paths for routing.
Node P set to use top 1 paths for routing.
Sending message from A to P of size 32768 bytes.
Timeout on segment 3, reducing window to 1
Message of size 32768 bytes received by P from A in 4.5875 seconds.
All messages transmitted. Quitting simulation.
Run 19 (size=32768, k=1)
Node A set to use top 1 paths for routing.
Node A set to use top 1 paths for routing.
Node P set to use top 1 paths for routing.
Node P set to use top 1 paths for routing.
Sending message from A to P of size 32768 bytes.
Timeout on segment 3, reducing window to 1
Message of size 32768 bytes received by P from A in 4.5833 seconds.
All messages transmitted. Quitting simulation.
Run 20 (size=32768, k=1)
Node A set to use top 1 paths for routing.
Node A set to use top 1 paths for routing.
Node P set to use top 1 paths for routing.
Node P set to use top 1 paths for routing.
Sending message from A to P of size 32768 bytes.
Timeout on segment 2, reducing window to 1
Timeout on segment 3, reducing window to 1
Triple duplicate ACKs for segment 4, reducing window to 2
Message of size 32768 bytes received by P from A in 4.7 seconds.
All messages transmitted. Quitting simulation.
Run 21 (size=32768, k=1)
Node A set to use top 1 paths for routing.
Node A set to use top 1 paths for routing.
Node P set to use top 1 paths for routing.
Node P set to use top 1 paths for routing.
Sending message from A to P of size 32768 bytes.
Timeout on segment 3, reducing window to 1
Message of size 32768 bytes received by P from A in 4.5666 seconds.
All messages transmitted. Quitting simulation.
Run 22 (size=32768, k=1)
Node A set to use top 1 paths for routing.
Node A set to use top 1 paths for routing.
Node P set to use top 1 paths for routing.
Node P set to use top 1 paths for routing.
Sending message from A to P of size 32768 bytes.
Timeout on segment 2, reducing window to 1
Timeout on segment 3, reducing window to 1
Triple duplicate ACKs for segment 4, reducing window to 2
Message of size 32768 bytes received by P from A in 4.8 seconds.
All messages transmitted. Quitting simulation.
Run 23 (size=32768, k=1)
Node A set to use top 1 paths for routing.
Node A set to use top 1 paths for routing.
Node P set to use top 1 paths for routing.
Node P set to use top 1 paths for routing.
Sending message from A to P of size 32768 bytes.
Timeout on segment 3, reducing window to 1
Message of size 32768 bytes received by P from A in 4.3791 seconds.
All messages transmitted. Quitting simulation.
Run 24 (size=32768, k=1)
Node A set to use top 1 paths for routing.
Node A set to use top 1 paths for routing.
Node P set to use top 1 paths for routing.
Node P set to use top 1 paths for routing.
Sending message from A to P of size 32768 bytes.
Timeout on segment 2, reducing window to 1
Timeout on segment 3, reducing window to 1
Triple duplicate ACKs for segment 4, reducing window to 2
Message of size 32768 bytes received by P from A in 4.6875 seconds.
All messages transmitted. Quitting simulation.
Run 25 (size=32768, k=1)
Node A set to use top 1 paths for routing.
Node A set to use top 1 paths for routing.
Node P set to use top 1 paths for routing.
Node P set to use top 1 paths for routing.
Sending message from A to P of size 32768 bytes.
Timeout on segment 3, reducing window to 1
Message of size 32768 bytes received by P from A in 4.675 seconds.
All messages transmitted. Quitting simulation.
Run 26 (size=32768, k=1)
Node A set to use top 1 paths for routing.
Node A set to use top 1 paths for routing.
Node P set to use top 1 paths for routing.
Node P set to use top 1 paths for routing.
Sending message from A to P of size 32768 bytes.
Timeout on segment 3, reducing window to 1
Timeout on segment 4, reducing window to 1
Timeout on segment 5, reducing window to 1
Timeout on segment 6, reducing window to 1
Triple duplicate ACKs for segment 7, reducing window to 2
Triple duplicate ACKs for segment 7, reducing window to 2
Triple duplicate ACKs for segment 7, reducing window to 2
Triple duplicate ACKs for segment 9, reducing window to 2
Triple duplicate ACKs for segment 9, reducing window to 2
Triple duplicate ACKs for segment 12, reducing window to 2
Message of size 32768 bytes received by P from A in 6.0208 seconds.
All messages transmitted. Quitting simulation.
Run 27 (size=32768, k=1)
Node A set to use top 1 paths for routing.
Node A set to use top 1 paths for routing.
Node P set to use top 1 paths for routing.
Node P set to use top 1 paths for routing.
Sending message from A to P of size 32768 bytes.
Timeout on segment 3, reducing window to 1
Timeout on segment 6, reducing window to 1
Message of size 32768 bytes received by P from A in 5.3916 seconds.
All messages transmitted. Quitting simulation.
Run 28 (size=32768, k=1)
Node A set to use top 1 paths for routing.
Node A set to use top 1 paths for routing.
Node P set to use top 1 paths for routing.
Node P set to use top 1 paths for routing.
Sending message from A to P of size 32768 bytes.
Timeout on segment 1, reducing window to 1
Message of size 32768 bytes received by P from A in 4.4958 seconds.
All messages transmitted. Quitting simulation.
Run 29 (size=32768, k=1)
Node A set to use top 1 paths for routing.
Node A set to use top 1 paths for routing.
Node P set to use top 1 paths for routing.
Node P set to use top 1 paths for routing.
Sending message from A to P of size 32768 bytes.
Timeout on segment 3, reducing window to 1
Message of size 32768 bytes received by P from A in 4.4666 seconds.
All messages transmitted. Quitting simulation.
Run 30 (size=32768, k=1)
Node A set to use top 1 paths for routing.
Node A set to use top 1 paths for routing.
Node P set to use top 1 paths for routing.
Node P set to use top 1 paths for routing.
Sending message from A to P of size 32768 bytes.
Timeout on segment 1, reducing window to 1
Message of size 32768 bytes received by P from A in 4.7208 seconds.
All messages transmitted. Quitting simulation.
Run 31 (size=32768, k=1)
Node A set to use top 1 paths for routing.
Node A set to use top 1 paths for routing.
Node P set to use top 1 paths for routing.
Node P set to use top 1 paths for routing.
Sending message from A to P of size 32768 bytes.
Timeout on segment 3, reducing window to 1
Timeout on segment 15, reducing window to 1
Timeout on segment 16, reducing window to 1
Triple duplicate ACKs for segment 21, reducing window to 2
Message of size 32768 bytes received by P from A in 5.0916 seconds.
All messages transmitted. Quitting simulation.
Run 32 (size=32768, k=1)
Node A set to use top 1 paths for routing.
Node A set to use top 1 paths for routing.
Node P set to use top 1 paths for routing.
Node P set to use top 1 paths for routing.
Sending message from A to P of size 32768 bytes.
Timeout on segment 2, reducing window to 1
Timeout on segment 3, reducing window to 1
Triple duplicate ACKs for segment 4, reducing window to 2
Message of size 32768 bytes received by P from A in 4.8916 seconds.
All messages transmitted. Quitting simulation.
Run 33 (size=32768, k=1)
Node A set to use top 1 paths for routing.
Node A set to use top 1 paths for routing.
Node P set to use top 1 paths for routing.
Node P set to use top 1 paths for routing.
Sending message from A to P of size 32768 bytes.
Timeout on segment 2, reducing window to 1
Timeout on segment 3, reducing window to 1
Triple duplicate ACKs for segment 4, reducing window to 2
Message of size 32768 bytes received by P from A in 4.9333 seconds.
All messages transmitted. Quitting simulation.
Run 34 (size=32768, k=1)
Node A set to use top 1 paths for routing.
Node A set to use top 1 paths for routing.
Node P set to use top 1 paths for routing.
Node P set to use top 1 paths for routing.
Sending message from A to P of size 32768 bytes.
Timeout on segment 2, reducing window to 1
Timeout on segment 3, reducing window to 1
Triple duplicate ACKs for segment 4, reducing window to 2
Message of size 32768 bytes received by P from A in 4.8458 seconds.
All messages transmitted. Quitting simulation.
Run 35 (size=32768, k=1)
Node A set to use top 1 paths for routing.
Node A set to use top 1 paths for routing.
Node P set to use top 1 paths for routing.
Node P set to use top 1 paths for routing.
Sending message from A to P of size 32768 bytes.
Timeout on segment 2, reducing window to 1
Timeout on segment 3, reducing window to 1
Triple duplicate ACKs for segment 4, reducing window to 2
Message of size 32768 bytes received by P from A in 4.975 seconds.
All messages transmitted. Quitting simulation.
Run 36 (size=32768, k=1)
Node A set to use top 1 paths for routing.
Node A set to use top 1 paths for routing.
Node P set to use top 1 paths for routing.
Node P set to use top 1 paths for routing.
Sending message from A to P of size 32768 bytes.
Timeout on segment 3, reducing window to 1
Message of size 32768 bytes received by P from A in 4.6 seconds.
All messages transmitted. Quitting simulation.
Run 37 (size=32768, k=1)
Node A set to use top 1 paths for routing.
Node A set to use top 1 paths for routing.
Node P set to use top 1 paths for routing.
Node P set to use top 1 paths for routing.
Sending message from A to P of size 32768 bytes.
Timeout on segment 2, reducing window to 1
Timeout on segment 3, reducing window to 1
Triple duplicate ACKs for segment 4, reducing window to 2
Message of size 32768 bytes received by P from A in 4.9291 seconds.
All messages transmitted. Quitting simulation.
Run 38 (size=32768, k=1)
Node A set to use top 1 paths for routing.
Node A set to use top 1 paths for routing.
Node P set to use top 1 paths for routing.
Node P set to use top 1 paths for routing.
Sending message from A to P of size 32768 bytes.
Timeout on segment 2, reducing window to 1
Timeout on segment 3, reducing window to 1
Triple duplicate ACKs for segment 4, reducing window to 2
Message of size 32768 bytes received by P from A in 5.0041 seconds.
All messages transmitted. Quitting simulation.
Run 39 (size=32768, k=1)
Node A set to use top 1 paths for routing.
Node A set to use top 1 paths for routing.
Node P set to use top 1 paths for routing.
Node P set to use top 1 paths for routing.
Sending message from A to P of size 32768 bytes.
Timeout on segment 3, reducing window to 1
Message of size 32768 bytes received by P from A in 4.7041 seconds.
All messages transmitted. Quitting simulation.
Run 40 (size=32768, k=1)
Node A set to use top 1 paths for routing.
Node A set to use top 1 paths for routing.
Node P set to use top 1 paths for routing.
Node P set to use top 1 paths for routing.
Sending message from A to P of size 32768 bytes.
Timeout on segment 3, reducing window to 1
Message of size 32768 bytes received by P from A in 4.7 seconds.
All messages transmitted. Quitting simulation.
Run 41 (size=32768, k=1)
Node A set to use top 1 paths for routing.
Node A set to use top 1 paths for routing.
Node P set to use top 1 paths for routing.
Node P set to use top 1 paths for routing.
Sending message from A to P of size 32768 bytes.
Timeout on segment 3, reducing window to 1
Timeout on segment 11, reducing window to 1
Timeout on segment 12, reducing window to 1
Triple duplicate ACKs for segment 16, reducing window to 2
Message of size 32768 bytes received by P from A in 5.1541 seconds.
All messages transmitted. Quitting simulation.
Run 42 (size=32768, k=1)
Node A set to use top 1 paths for routing.
Node A set to use top 1 paths for routing.
Node P set to use top 1 paths for routing.
Node P set to use top 1 paths for routing.
Sending message from A to P of size 32768 bytes.
Timeout on segment 3, reducing window to 1
Message of size 32768 bytes received by P from A in 4.7875 seconds.
All messages transmitted. Quitting simulation.
Run 43 (size=32768, k=1)
Node A set to use top 1 paths for routing.
Node A set to use top 1 paths for routing.
Node P set to use top 1 paths for routing.
Node P set to use top 1 paths for routing.
Sending message from A to P of size 32768 bytes.
Timeout on segment 2, reducing window to 1
Timeout on segment 3, reducing window to 1
Triple duplicate ACKs for segment 4, reducing window to 2
Message of size 32768 bytes received by P from A in 4.9958 seconds.
All messages transmitted. Quitting simulation.
Run 44 (size=32768, k=1)
Node A set to use top 1 paths for routing.
Node A set to use top 1 paths for routing.
Node P set to use top 1 paths for routing.
Node P set to use top 1 paths for routing.
Sending message from A to P of size 32768 bytes.
Timeout on segment 3, reducing window to 1
Message of size 32768 bytes received by P from A in 4.6875 seconds.
All messages transmitted. Quitting simulation.
Run 45 (size=32768, k=1)
Node A set to use top 1 paths for routing.
Node A set to use top 1 paths for routing.
Node P set to use top 1 paths for routing.
Node P set to use top 1 paths for routing.
Sending message from A to P of size 32768 bytes.
Timeout on segment 2, reducing window to 1
Timeout on segment 3, reducing window to 1
Triple duplicate ACKs for segment 4, reducing window to 2
Message of size 32768 bytes received by P from A in 4.7333 seconds.
All messages transmitted. Quitting simulation.
Run 46 (size=32768, k=1)
Node A set to use top 1 paths for routing.
Node A set to use top 1 paths for routing.
Node P set to use top 1 paths for routing.
Node P set to use top 1 paths for routing.
Sending message from A to P of size 32768 bytes.
Timeout on segment 3, reducing window to 1
Timeout on segment 16, reducing window to 1
Message of size 32768 bytes received by P from A in 4.8291 seconds.
All messages transmitted. Quitting simulation.
Run 47 (size=32768, k=1)
Node A set to use top 1 paths for routing.
Node A set to use top 1 paths for routing.
Node P set to use top 1 paths for routing.
Node P set to use top 1 paths for routing.
Sending message from A to P of size 32768 bytes.
Timeout on segment 2, reducing window to 1
Timeout on segment 3, reducing window to 1
Triple duplicate ACKs for segment 4, reducing window to 2
Message of size 32768 bytes received by P from A in 4.8208 seconds.
All messages transmitted. Quitting simulation.
Run 48 (size=32768, k=1)
Node A set to use top 1 paths for routing.
Node A set to use top 1 paths for routing.
Node P set to use top 1 paths for routing.
Node P set to use top 1 paths for routing.
Sending message from A to P of size 32768 bytes.
Timeout on segment 2, reducing window to 1
Timeout on segment 3, reducing window to 1
Triple duplicate ACKs for segment 4, reducing window to 2
Message of size 32768 bytes received by P from A in 4.8125 seconds.
All messages transmitted. Quitting simulation.
Run 49 (size=32768, k=1)
Node A set to use top 1 paths for routing.
Node A set to use top 1 paths for routing.
Node P set to use top 1 paths for routing.
Node P set to use top 1 paths for routing.
Sending message from A to P of size 32768 bytes.
Timeout on segment 3, reducing window to 1
Timeout on segment 4, reducing window to 1
Timeout on segment 5, reducing window to 1
Timeout on segment 6, reducing window to 1
Triple duplicate ACKs for segment 7, reducing window to 2
Triple duplicate ACKs for segment 7, reducing window to 2
Triple duplicate ACKs for segment 7, reducing window to 2
Triple duplicate ACKs for segment 9, reducing window to 2
Triple duplicate ACKs for segment 9, reducing window to 2
Triple duplicate ACKs for segment 12, reducing window to 2
Message of size 32768 bytes received by P from A in 5.8041 seconds.
All messages transmitted. Quitting simulation.
Run 50 (size=32768, k=1)
Node A set to use top 1 paths for routing.
Node A set to use top 1 paths for routing.
Node P set to use top 1 paths for routing.
Node P set to use top 1 paths for routing.
Sending message from A to P of size 32768 bytes.
Timeout on segment 3, reducing window to 1
Timeout on segment 5, reducing window to 1
Timeout on segment 6, reducing window to 1
Triple duplicate ACKs for segment 8, reducing window to 2
Message of size 32768 bytes received by P from A in 5.2416 seconds.
All messages transmitted. Quitting simulation.
