Run 1 (size=131072, k=1)
Node A set to use top 1 paths for routing.
Node A set to use top 1 paths for routing.
Node P set to use top 1 paths for routing.
Node P set to use top 1 paths for routing.
Sending message from A to P of size 131072 bytes.
Timeout on segment 2, reducing window to 1
Timeout on segment 3, reducing window to 1
Triple duplicate ACKs for segment 4, reducing window to 2
Message of size 131072 bytes received by P from A in 12.1582 seconds.
All messages transmitted. Quitting simulation.
Run 2 (size=131072, k=1)
Node A set to use top 1 paths for routing.
Node A set to use top 1 paths for routing.
Node P set to use top 1 paths for routing.
Node P set to use top 1 paths for routing.
Sending message from A to P of size 131072 bytes.
Timeout on segment 1, reducing window to 1
Timeout on segment 22, reducing window to 1
Timeout on segment 55, reducing window to 1
Timeout on segment 56, reducing window to 1
Triple duplicate ACKs for segment 64, reducing window to 2
Message of size 131072 bytes received by P from A in 14.2498 seconds.
All messages transmitted. Quitting simulation.
Run 3 (size=131072, k=1)
Node A set to use top 1 paths for routing.
Node A set to use top 1 paths for routing.
Node P set to use top 1 paths for routing.
Node P set to use top 1 paths for routing.
Sending message from A to P of size 131072 bytes.
Timeout on segment 3, reducing window to 1
Timeout on segment 78, reducing window to 1
Message of size 131072 bytes received by P from A in 11.9999 seconds.
All messages transmitted. Quitting simulation.
Run 4 (size=131072, k=1)
Node A set to use top 1 paths for routing.
Node A set to use top 1 paths for routing.
Node P set to use top 1 paths for routing.
Node P set to use top 1 paths for routing.
Sending message from A to P of size 131072 bytes.
Timeout on segment 2, reducing window to 1
Timeout on segment 3, reducing window to 1
Triple duplicate ACKs for segment 4, reducing window to 2
Message of size 131072 bytes received by P from A in 12.1249 seconds.
All messages transmitted. Quitting simulation.
Run 5 (size=131072, k=1)
Node A set to use top 1 paths for routing.
Node A set to use top 1 paths for routing.
Node P set to use top 1 paths for routing.
Node P set to use top 1 paths for routing.
Sending message from A to P of size 131072 bytes.
Timeout on segment 3, reducing window to 1
Timeout on segment 69, reducing window to 1
Timeout on segment 70, reducing window to 1
Timeout on segment 71, reducing window to 1
Triple duplicate ACKs for segment 82, reducing window to 2
Triple duplicate ACKs for segment 82, reducing window to 2
Triple duplicate ACKs for segment 84, reducing window to 2
Message of size 131072 bytes received by P from A in 13.4457 seconds.
All messages transmitted. Quitting simulation.
Run 6 (size=131072, k=1)
Node A set to use top 1 paths for routing.
Node A set to use top 1 paths for routing.
Node P set to use top 1 paths for routing.
Node P set to use top 1 paths for routing.
Sending message from A to P of size 131072 bytes.
Timeout on segment 3, reducing window to 1
Message of size 131072 bytes received by P from A in 11.804 seconds.
All messages transmitted. Quitting simulation.
Run 7 (size=131072, k=1)
Node A set to use top 1 paths for routing.
Node A set to use top 1 paths for routing.
Node P set to use top 1 paths for routing.
Node P set to use top 1 paths for routing.
Sending message from A to P of size 131072 bytes.
Timeout on segment 2, reducing window to 1
Timeout on segment 3, reducing window to 1
Triple duplicate ACKs for segment 4, reducing window to 2
Timeout on segment 37, reducing window to 1
Timeout on segment 38, reducing window to 1
Triple duplicate ACKs for segment 47, reducing window to 2
Message of size 131072 bytes received by P from A in 13.504 seconds.
All messages transmitted. Quitting simulation.
Run 8 (size=131072, k=1)
Node A set to use top 1 paths for routing.
Node A set to use top 1 paths for routing.
Node P set to use top 1 paths for routing.
Node P set to use top 1 paths for routing.
Sending message from A to P of size 131072 bytes.
Timeout on segment 3, reducing window to 1
Timeout on segment 6, reducing window to 1
Message of size 131072 bytes received by P from A in 12.4832 seconds.
All messages transmitted. Quitting simulation.
Run 9 (size=131072, k=1)
Node A set to use top 1 paths for routing.
Node A set to use top 1 paths for routing.
Node P set to use top 1 paths for routing.
Node P set to use top 1 paths for routing.
Sending message from A to P of size 131072 bytes.
Timeout on segment 3, reducing window to 1
Timeout on segment 25, reducing window to 1
Timeout on segment 75, reducing window to 1
Message of size 131072 bytes received by P from A in 13.9623 seconds.
All messages transmitted. Quitting simulation.
Run 10 (size=131072, k=1)
Node A set to use top 1 paths for routing.
Node A set to use top 1 paths for routing.
Node P set to use top 1 paths for routing.
Node P set to use top 1 paths for routing.
Sending message from A to P of size 131072 bytes.
Timeout on segment 3, reducing window to 1
Timeout on segment 4, reducing window to 1
Timeout on segment 5, reducing window to 1
Timeout on segment 6, reducing window to 1
Triple duplicate ACKs for segment 7, reducing window to 2
Triple duplicate ACKs for segment 7, reducing window to 2
Triple duplicate ACKs for segment 7, reducing window to 2
Triple duplicate ACKs for segment 9, reducing window to 2
Timeout on segment 74, reducing window to 1
Timeout on segment 75, reducing window to 1
Triple duplicate ACKs for segment 87, reducing window to 2
Message of size 131072 bytes received by P from A in 13.9248 seconds.
All messages transmitted. Quitting simulation.
Run 11 (size=131072, k=1)
Node A set to use top 1 paths for routing.
Node A set to use top 1 paths for routing.
Node P set to use top 1 paths for routing.
Node P set to use top 1 paths for routing.
Sending message from A to P of size 131072 bytes.
Timeout on segment 3, reducing window to 1
Message of size 131072 bytes received by P from A in 12.0499 seconds.
All messages transmitted. Quitting simulation.
Run 12 (size=131072, k=1)
Node A set to use top 1 paths for routing.
Node A set to use top 1 paths for routing.
Node P set to use top 1 paths for routing.
Node P set to use top 1 paths for routing.
Sending message from A to P of size 131072 bytes.
Timeout on segment 1, reducing window to 1
Timeout on segment 24, reducing window to 1
Timeout on segment 39, reducing window to 1
Timeout on segment 40, reducing window to 1
Triple duplicate ACKs for segment 45, reducing window to 2
Message of size 131072 bytes received by P from A in 14.1915 seconds.
All messages transmitted. Quitting simulation.
Run 13 (size=131072, k=1)
Node A set to use top 1 paths for routing.
Node A set to use top 1 paths for routing.
Node P set to use top 1 paths for routing.
Node P set to use top 1 paths for routing.
Sending message from A to P of size 131072 bytes.
Timeout on segment 3, reducing window to 1
Timeout on segment 5, reducing window to 1
Timeout on segment 6, reducing window to 1
Triple duplicate ACKs for segment 8, reducing window to 2
Timeout on segment 41, reducing window to 1
Timeout on segment 42, reducing window to 1
Timeout on segment 43, reducing window to 1
Triple duplicate ACKs for segment 51, reducing window to 2
Triple duplicate ACKs for segment 51, reducing window to 2
Triple duplicate ACKs for segment 53, reducing window to 2
Message of size 131072 bytes received by P from A in 14.0582 seconds.
All messages transmitted. Quitting simulation.
Run 14 (size=131072, k=1)
Node A set to use top 1 paths for routing.
Node A set to use top 1 paths for routing.
Node P set to use top 1 paths for routing.
Node P set to use top 1 paths for routing.
Sending message from A to P of size 131072 bytes.
Timeout on segment 3, reducing window to 1
Timeout on segment 24, reducing window to 1
Timeout on segment 49, reducing window to 1
Timeout on segment 50, reducing window to 1
Timeout on segment 51, reducing window to 1
Timeout on segment 52, reducing window to 1
Triple duplicate ACKs for segment 57, reducing window to 2
Triple duplicate ACKs for segment 57, reducing window to 2
Triple duplicate ACKs for segment 57, reducing window to 2
Triple duplicate ACKs for segment 59, reducing window to 2
Triple duplicate ACKs for segment 59, reducing window to 2
Triple duplicate ACKs for segment 62, reducing window to 2
Timeout on segment 78, reducing window to 1
Timeout on segment 79, reducing window to 1
Timeout on segment 80, reducing window to 1
Triple duplicate ACKs for segment 84, reducing window to 2
Triple duplicate ACKs for segment 84, reducing window to 2
Triple duplicate ACKs for segment 86, reducing window to 2
Message of size 131072 bytes received by P from A in 16.0665 seconds.
All messages transmitted. Quitting simulation.
Run 15 (size=131072, k=1)
Node A set to use top 1 paths for routing.
Node A set to use top 1 paths for routing.
Node P set to use top 1 paths for routing.
Node P set to use top 1 paths for routing.
Sending message from A to P of size 131072 bytes.
Timeout on segment 2, reducing window to 1
Timeout on segment 3, reducing window to 1
Triple duplicate ACKs for segment 4, reducing window to 2
Message of size 131072 bytes received by P from A in 11.9957 seconds.
All messages transmitted. Quitting simulation.
Run 16 (size=131072, k=1)
Node A set to use top 1 paths for routing.
Node A set to use top 1 paths for routing.
Node P set to use top 1 paths for routing.
Node P set to use top 1 paths for routing.
Sending message from A to P of size 131072 bytes.
Timeout on segment 3, reducing window to 1
Timeout on segment 27, reducing window to 1
Timeout on segment 55, reducing window to 1
Timeout on segment 56, reducing window to 1
Triple duplicate ACKs for segment 63, reducing window to 2
Message of size 131072 bytes received by P from A in 14.3707 seconds.
All messages transmitted. Quitting simulation.
Run 17 (size=131072, k=1)
Node A set to use top 1 paths for routing.
Node A set to use top 1 paths for routing.
Node P set to use top 1 paths for routing.
Node P set to use top 1 paths for routing.
Sending message from A to P of size 131072 bytes.
Timeout on segment 1, reducing window to 1
Timeout on segment 42, reducing window to 1
Timeout on segment 43, reducing window to 1
Triple duplicate ACKs for segment 53, reducing window to 2
Message of size 131072 bytes received by P from A in 13.2082 seconds.
All messages transmitted. Quitting simulation.
Run 18 (size=131072, k=1)
Node A set to use top 1 paths for routing.
Node A set to use top 1 paths for routing.
Node P set to use top 1 paths for routing.
Node P set to use top 1 paths for routing.
Sending message from A to P of size 131072 bytes.
Timeout on segment 3, reducing window to 1
Timeout on segment 5, reducing window to 1
Timeout on segment 6, reducing window to 1
Triple duplicate ACKs for segment 8, reducing window to 2
Message of size 131072 bytes received by P from A in 12.3749 seconds.
All messages transmitted. Quitting simulation.
Run 19 (size=131072, k=1)
Node A set to use top 1 paths for routing.
Node A set to use top 1 paths for routing.
Node P set to use top 1 paths for routing.
Node P set to use top 1 paths for routing.
Sending message from A to P of size 131072 bytes.
Timeout on segment 3, reducing window to 1
Timeout on segment 12, reducing window to 1
Message of size 131072 bytes received by P from A in 13.4207 seconds.
All messages transmitted. Quitting simulation.
Run 20 (size=131072, k=1)
Node A set to use top 1 paths for routing.
Node A set to use top 1 paths for routing.
Node P set to use top 1 paths for routing.
Node P set to use top 1 paths for routing.
Sending message from A to P of size 131072 bytes.
Timeout on segment 1, reducing window to 1
Timeout on segment 74, reducing window to 1
Timeout on segment 75, reducing window to 1
Timeout on segment 76, reducing window to 1
Timeout on segment 77, reducing window to 1
Timeout on segment 78, reducing window to 1
Triple duplicate ACKs for segment 88, reducing window to 2
Triple duplicate ACKs for segment 88, reducing window to 2
Triple duplicate ACKs for segment 88, reducing window to 2
Triple duplicate ACKs for segment 88, reducing window to 2
Message of size 131072 bytes received by P from A in 12.3207 seconds.
All messages transmitted. Quitting simulation.
Run 21 (size=131072, k=1)
Node A set to use top 1 paths for routing.
Node A set to use top 1 paths for routing.
Node P set to use top 1 paths for routing.
Node P set to use top 1 paths for routing.
Sending message from A to P of size 131072 bytes.
Timeout on segment 3, reducing window to 1
Timeout on segment 10, reducing window to 1
Timeout on segment 28, reducing window to 1
Timeout on segment 56, reducing window to 1
Timeout on segment 84, reducing window to 1
Timeout on segment 85, reducing window to 1
Message of size 131072 bytes received by P from A in 15.5248 seconds.
All messages transmitted. Quitting simulation.
Run 22 (size=131072, k=1)
Node A set to use top 1 paths for routing.
Node A set to use top 1 paths for routing.
Node P set to use top 1 paths for routing.
Node P set to use top 1 paths for routing.
Sending message from A to P of size 131072 bytes.
Timeout on segment 3, reducing window to 1
Timeout on segment 21, reducing window to 1
Timeout on segment 22, reducing window to 1
Timeout on segment 23, reducing window to 1
Triple duplicate ACKs for segment 28, reducing window to 2
Triple duplicate ACKs for segment 28, reducing window to 2
Timeout on segment 40, reducing window to 1
Message of size 131072 bytes received by P from A in 14.4915 seconds.
All messages transmitted. Quitting simulation.
Run 23 (size=131072, k=1)
Node A set to use top 1 paths for routing.
Node A set to use top 1 paths for routing.
Node P set to use top 1 paths for routing.
Node P set to use top 1 paths for routing.
Sending message from A to P of size 131072 bytes.
Timeout on segment 3, reducing window to 1
Timeout on segment 4, reducing window to 1
Timeout on segment 5, reducing window to 1
Timeout on segment 6, reducing window to 1
Triple duplicate ACKs for segment 7, reducing window to 2
Triple duplicate ACKs for segment 7, reducing window to 2
Triple duplicate ACKs for segment 7, reducing window to 2
Triple duplicate ACKs for segment 9, reducing window to 2
Triple duplicate ACKs for segment 9, reducing window to 2
Triple duplicate ACKs for segment 13, reducing window to 2
Message of size 131072 bytes received by P from A in 13.6373 seconds.
All messages transmitted. Quitting simulation.
Run 24 (size=131072, k=1)
Node A set to use top 1 paths for routing.
Node A set to use top 1 paths for routing.
Node P set to use top 1 paths for routing.
Node P set to use top 1 paths for routing.
Sending message from A to P of size 131072 bytes.
Timeout on segment 2, reducing window to 1
Timeout on segment 3, reducing window to 1
Triple duplicate ACKs for segment 4, reducing window to 2
Message of size 131072 bytes received by P from A in 12.004 seconds.
All messages transmitted. Quitting simulation.
Run 25 (size=131072, k=1)
Node A set to use top 1 paths for routing.
Node A set to use top 1 paths for routing.
Node P set to use top 1 paths for routing.
Node P set to use top 1 paths for routing.
Sending message from A to P of size 131072 bytes.
Timeout on segment 2, reducing window to 1
Timeout on segment 3, reducing window to 1
Triple duplicate ACKs for segment 4, reducing window to 2
Timeout on segment 25, reducing window to 1
Message of size 131072 bytes received by P from A in 13.0498 seconds.
All messages transmitted. Quitting simulation.
Run 26 (size=131072, k=1)
Node A set to use top 1 paths for routing.
Node A set to use top 1 paths for routing.
Node P set to use top 1 paths for routing.
Node P set to use top 1 paths for routing.
Sending message from A to P of size 131072 bytes.
Timeout on segment 3, reducing window to 1
Message of size 131072 bytes received by P from A in 11.8415 seconds.
All messages transmitted. Quitting simulation.
Run 27 (size=131072, k=1)
Node A set to use top 1 paths for routing.
Node A set to use top 1 paths for routing.
Node P set to use top 1 paths for routing.
Node P set to use top 1 paths for routing.
Sending message from A to P of size 131072 bytes.
Timeout on segment 2, reducing window to 1
Timeout on segment 3, reducing window to 1
Triple duplicate ACKs for segment 4, reducing window to 2
Timeout on segment 25, reducing window to 1
Timeout on segment 60, reducing window to 1
Message of size 131072 bytes received by P from A in 14.6873 seconds.
All messages transmitted. Quitting simulation.
Run 28 (size=131072, k=1)
Node A set to use top 1 paths for routing.
Node A set to use top 1 paths for routing.
Node P set to use top 1 paths for routing.
Node P set to use top 1 paths for routing.
Sending message from A to P of size 131072 bytes.
Timeout on segment 1, reducing window to 1
Timeout on segment 72, reducing window to 1
Timeout on segment 73, reducing window to 1
Triple duplicate ACKs for segment 85, reducing window to 2
Message of size 131072 bytes received by P from A in 12.6415 seconds.
All messages transmitted. Quitting simulation.
Run 29 (size=131072, k=1)
Node A set to use top 1 paths for routing.
Node A set to use top 1 paths for routing.
Node P set to use top 1 paths for routing.
Node P set to use top 1 paths for routing.
Sending message from A to P of size 131072 bytes.
Timeout on segment 2, reducing window to 1
Timeout on segment 3, reducing window to 1
Triple duplicate ACKs for segment 4, reducing window to 2
Timeout on segment 73, reducing window to 1
Message of size 131072 bytes received by P from A in 13.0332 seconds.
All messages transmitted. Quitting simulation.
Run 30 (size=131072, k=1)
Node A set to use top 1 paths for routing.
Node A set to use top 1 paths for routing.
Node P set to use top 1 paths for routing.
Node P set to use top 1 paths for routing.
Sending message from A to P of size 131072 bytes.
Timeout on segment 3, reducing window to 1
Timeout on segment 34, reducing window to 1
Timeout on segment 35, reducing window to 1
Triple duplicate ACKs for segment 43, reducing window to 2
Message of size 131072 bytes received by P from A in 13.4123 seconds.
All messages transmitted. Quitting simulation.
Run 31 (size=131072, k=1)
Node A set to use top 1 paths for routing.
Node A set to use top 1 paths for routing.
Node P set to use top 1 paths for routing.
Node P set to use top 1 paths for routing.
Sending message from A to P of size 131072 bytes.
Timeout on segment 2, reducing window to 1
Timeout on segment 3, reducing window to 1
Triple duplicate ACKs for segment 4, reducing window to 2
Timeout on segment 70, reducing window to 1
Message of size 131072 bytes received by P from A in 13.0457 seconds.
All messages transmitted. Quitting simulation.
Run 32 (size=131072, k=1)
Node A set to use top 1 paths for routing.
Node A set to use top 1 paths for routing.
Node P set to use top 1 paths for routing.
Node P set to use top 1 paths for routing.
Sending message from A to P of size 131072 bytes.
Timeout on segment 1, reducing window to 1
Message of size 131072 bytes received by P from A in 11.8999 seconds.
All messages transmitted. Quitting simulation.
Run 33 (size=131072, k=1)
Node A set to use top 1 paths for routing.
Node A set to use top 1 paths for routing.
Node P set to use top 1 paths for routing.
Node P set to use top 1 paths for routing.
Sending message from A to P of size 131072 bytes.
Timeout on segment 2, reducing window to 1
Timeout on segment 3, reducing window to 1
Triple duplicate ACKs for segment 4, reducing window to 2
Timeout on segment 39, reducing window to 1
Timeout on segment 40, reducing window to 1
Timeout on segment 41, reducing window to 1
Timeout on segment 42, reducing window to 1
Triple duplicate ACKs for segment 49, reducing window to 2
Triple duplicate ACKs for segment 49, reducing window to 2
Triple duplicate ACKs for segment 49, reducing window to 2
Triple duplicate ACKs for segment 51, reducing window to 2
Triple duplicate ACKs for segment 51, reducing window to 2
Triple duplicate ACKs for segment 53, reducing window to 2
Timeout on segment 66, reducing window to 1
Timeout on segment 67, reducing window to 1
Triple duplicate ACKs for segment 72, reducing window to 2
Message of size 131072 bytes received by P from A in 15.2915 seconds.
All messages transmitted. Quitting simulation.
Run 34 (size=131072, k=1)
Node A set to use top 1 paths for routing.
Node A set to use top 1 paths for routing.
Node P set to use top 1 paths for routing.
Node P set to use top 1 paths for routing.
Sending message from A to P of size 131072 bytes.
Timeout on segment 3, reducing window to 1
Message of size 131072 bytes received by P from A in 11.6874 seconds.
All messages transmitted. Quitting simulation.
Run 35 (size=131072, k=1)
Node A set to use top 1 paths for routing.
Node A set to use top 1 paths for routing.
Node P set to use top 1 paths for routing.
Node P set to use top 1 paths for routing.
Sending message from A to P of size 131072 bytes.
Timeout on segment 3, reducing window to 1
Timeout on segment 4, reducing window to 1
Timeout on segment 5, reducing window to 1
Timeout on segment 6, reducing window to 1
Triple duplicate ACKs for segment 7, reducing window to 2
Triple duplicate ACKs for segment 7, reducing window to 2
Triple duplicate ACKs for segment 7, reducing window to 2
Triple duplicate ACKs for segment 9, reducing window to 2
Triple duplicate ACKs for segment 9, reducing window to 2
Triple duplicate ACKs for segment 12, reducing window to 2
Timeout on segment 41, reducing window to 1
Timeout on segment 42, reducing window to 1
Triple duplicate ACKs for segment 50, reducing window to 2
Timeout on segment 66, reducing window to 1
Timeout on segment 67, reducing window to 1
Timeout on segment 68, reducing window to 1
Triple duplicate ACKs for segment 72, reducing window to 2
Triple duplicate ACKs for segment 72, reducing window to 2
Triple duplicate ACKs for segment 74, reducing window to 2
Message of size 131072 bytes received by P from A in 16.204 seconds.
All messages transmitted. Quitting simulation.
Run 36 (size=131072, k=1)
Node A set to use top 1 paths for routing.
Node A set to use top 1 paths for routing.
Node P set to use top 1 paths for routing.
Node P set to use top 1 paths for routing.
Sending message from A to P of size 131072 bytes.
Timeout on segment 2, reducing window to 1
Timeout on segment 3, reducing window to 1
Triple duplicate ACKs for segment 4, reducing window to 2
Timeout on segment 45, reducing window to 1
Message of size 131072 bytes received by P from A in 13.4123 seconds.
All messages transmitted. Quitting simulation.
Run 37 (size=131072, k=1)
Node A set to use top 1 paths for routing.
Node A set to use top 1 paths for routing.
Node P set to use top 1 paths for routing.
Node P set to use top 1 paths for routing.
Sending message from A to P of size 131072 bytes.
Timeout on segment 3, reducing window to 1
Timeout on segment 5, reducing window to 1
Timeout on segment 6, reducing window to 1
Triple duplicate ACKs for segment 8, reducing window to 2
Message of size 131072 bytes received by P from A in 12.3082 seconds.
All messages transmitted. Quitting simulation.
Run 38 (size=131072, k=1)
Node A set to use top 1 paths for routing.
Node A set to use top 1 paths for routing.
Node P set to use top 1 paths for routing.
Node P set to use top 1 paths for routing.
Sending message from A to P of size 131072 bytes.
Timeout on segment 3, reducing window to 1
Timeout on segment 73, reducing window to 1
Message of size 131072 bytes received by P from A in 12.629 seconds.
All messages transmitted. Quitting simulation.
Run 39 (size=131072, k=1)
Node A set to use top 1 paths for routing.
Node A set to use top 1 paths for routing.
Node P set to use top 1 paths for routing.
Node P set to use top 1 paths for routing.
Sending message from A to P of size 131072 bytes.
Timeout on segment 2, reducing window to 1
Timeout on segment 3, reducing window to 1
Triple duplicate ACKs for segment 4, reducing window to 2
Message of size 131072 bytes received by P from A in 11.8874 seconds.
All messages transmitted. Quitting simulation.
Run 40 (size=131072, k=1)
Node A set to use top 1 paths for routing.
Node A set to use top 1 paths for routing.
Node P set to use top 1 paths for routing.
Node P set to use top 1 paths for routing.
Sending message from A to P of size 131072 bytes.
Timeout on segment 1, reducing window to 1
Message of size 131072 bytes received by P from A in 11.7249 seconds.
All messages transmitted. Quitting simulation.
Run 41 (size=131072, k=1)
Node A set to use top 1 paths for routing.
Node A set to use top 1 paths for routing.
Node P set to use top 1 paths for routing.
Node P set to use top 1 paths for routing.
Sending message from A to P of size 131072 bytes.
Timeout on segment 3, reducing window to 1
Timeout on segment 31, reducing window to 1
Timeout on segment 32, reducing window to 1
Timeout on segment 33, reducing window to 1
Triple duplicate ACKs for segment 40, reducing window to 2
Triple duplicate ACKs for segment 40, reducing window to 2
Triple duplicate ACKs for segment 42, reducing window to 2
Timeout on segment 60, reducing window to 1
Timeout on segment 59, reducing window to 1
Timeout on segment 61, reducing window to 1
Triple duplicate ACKs for segment 66, reducing window to 2
Triple duplicate ACKs for segment 66, reducing window to 2
Triple duplicate ACKs for segment 68, reducing window to 2
Message of size 131072 bytes received by P from A in 15.1415 seconds.
All messages transmitted. Quitting simulation.
Run 42 (size=131072, k=1)
Node A set to use top 1 paths for routing.
Node A set to use top 1 paths for routing.
Node P set to use top 1 paths for routing.
Node P set to use top 1 paths for routing.
Sending message from A to P of size 131072 bytes.
Timeout on segment 2, reducing window to 1
Timeout on segment 3, reducing window to 1
Triple duplicate ACKs for segment 4, reducing window to 2
Timeout on segment 15, reducing window to 1
Timeout on segment 54, reducing window to 1
Message of size 131072 bytes received by P from A in 14.2832 seconds.
All messages transmitted. Quitting simulation.
Run 43 (size=131072, k=1)
Node A set to use top 1 paths for routing.
Node A set to use top 1 paths for routing.
Node P set to use top 1 paths for routing.
Node P set to use top 1 paths for routing.
Sending message from A to P of size 131072 bytes.
Timeout on segment 1, reducing window to 1
Timeout on segment 68, reducing window to 1
Message of size 131072 bytes received by P from A in 12.8457 seconds.
All messages transmitted. Quitting simulation.
Run 44 (size=131072, k=1)
Node A set to use top 1 paths for routing.
Node A set to use top 1 paths for routing.
Node P set to use top 1 paths for routing.
Node P set to use top 1 paths for routing.
Sending message from A to P of size 131072 bytes.
Timeout on segment 1, reducing window to 1
Timeout on segment 35, reducing window to 1
Message of size 131072 bytes received by P from A in 13.0707 seconds.
All messages transmitted. Quitting simulation.
Run 45 (size=131072, k=1)
Node A set to use top 1 paths for routing.
Node A set to use top 1 paths for routing.
Node P set to use top 1 paths for routing.
Node P set to use top 1 paths for routing.
Sending message from A to P of size 131072 bytes.
Timeout on segment 3, reducing window to 1
Message of size 131072 bytes received by P from A in 11.9957 seconds.
All messages transmitted. Quitting simulation.
Run 46 (size=131072, k=1)
Node A set to use top 1 paths for routing.
Node A set to use top 1 paths for routing.
Node P set to use top 1 paths for routing.
Node P set to use top 1 paths for routing.
Sending message from A to P of size 131072 bytes.
Timeout on segment 3, reducing window to 1
Timeout on segment 21, reducing window to 1
Message of size 131072 bytes received by P from A in 12.9915 seconds.
All messages transmitted. Quitting simulation.
Run 47 (size=131072, k=1)
Node A set to use top 1 paths for routing.
Node A set to use top 1 paths for routing.
Node P set to use top 1 paths for routing.
Node P set to use top 1 paths for routing.
Sending message from A to P of size 131072 bytes.
Timeout on segment 2, reducing window to 1
Timeout on segment 3, reducing window to 1
Triple duplicate ACKs for segment 4, reducing window to 2
Timeout on segment 31, reducing window to 1
Timeout on segment 32, reducing window to 1
Triple duplicate ACKs for segment 39, reducing window to 2
Timeout on segment 77, reducing window to 1
Message of size 131072 bytes received by P from A in 14.0415 seconds.
All messages transmitted. Quitting simulation.
Run 48 (size=131072, k=1)
Node A set to use top 1 paths for routing.
Node A set to use top 1 paths for routing.
Node P set to use top 1 paths for routing.
Node P set to use top 1 paths for routing.
Sending message from A to P of size 131072 bytes.
Timeout on segment 3, reducing window to 1
Timeout on segment 5, reducing window to 1
Timeout on segment 6, reducing window to 1
Triple duplicate ACKs for segment 8, reducing window to 2
Message of size 131072 bytes received by P from A in 12.304 seconds.
All messages transmitted. Quitting simulation.
Run 49 (size=131072, k=1)
Node A set to use top 1 paths for routing.
Node A set to use top 1 paths for routing.
Node P set to use top 1 paths for routing.
Node P set to use top 1 paths for routing.
Sending message from A to P of size 131072 bytes.
Timeout on segment 3, reducing window to 1
Timeout on segment 49, reducing window to 1
Message of size 131072 bytes received by P from A in 13.1915 seconds.
All messages transmitted. Quitting simulation.
Run 50 (size=131072, k=1)
Node A set to use top 1 paths for routing.
Node A set to use top 1 paths for routing.
Node P set to use top 1 paths for routing.
Node P set to use top 1 paths for routing.
Sending message from A to P of size 131072 bytes.
Timeout on segment 3, reducing window to 1
Timeout on segment 60, reducing window to 1
Message of size 131072 bytes received by P from A in 13.179 seconds.
All messages transmitted. Quitting simulation.
