Run 1 (size=65536, k=8)
Node A set to use top 8 paths for routing.
Node A set to use top 8 paths for routing.
Node P set to use top 8 paths for routing.
Node P set to use top 8 paths for routing.
Sending message from A to P of size 65536 bytes.
Timeout on segment 7, reducing window to 1
Timeout on segment 6, reducing window to 1
Timeout on segment 4, reducing window to 1
Timeout on segment 5, reducing window to 1
Timeout on segment 8, reducing window to 1
Timeout on segment 9, reducing window to 1
Timeout on segment 10, reducing window to 1
Timeout on segment 11, reducing window to 1
Triple duplicate ACKs for segment 12, reducing window to 2
Triple duplicate ACKs for segment 12, reducing window to 2
Triple duplicate ACKs for segment 12, reducing window to 2
Triple duplicate ACKs for segment 12, reducing window to 2
Triple duplicate ACKs for segment 12, reducing window to 2
Triple duplicate ACKs for segment 12, reducing window to 2
Triple duplicate ACKs for segment 12, reducing window to 2
Triple duplicate ACKs for segment 14, reducing window to 2
Triple duplicate ACKs for segment 14, reducing window to 2
Triple duplicate ACKs for segment 14, reducing window to 2
Triple duplicate ACKs for segment 14, reducing window to 2
Triple duplicate ACKs for segment 14, reducing window to 2
Triple duplicate ACKs for segment 14, reducing window to 2
Triple duplicate ACKs for segment 17, reducing window to 2
Triple duplicate ACKs for segment 17, reducing window to 2
Triple duplicate ACKs for segment 17, reducing window to 2
Triple duplicate ACKs for segment 17, reducing window to 2
Triple duplicate ACKs for segment 17, reducing window to 2
Triple duplicate ACKs for segment 19, reducing window to 2
Triple duplicate ACKs for segment 19, reducing window to 2
Triple duplicate ACKs for segment 19, reducing window to 2
Triple duplicate ACKs for segment 19, reducing window to 2
Triple duplicate ACKs for segment 22, reducing window to 2
Timeout on segment 34, reducing window to 1
Message of size 65536 bytes received by P from A in 8.9499 seconds.
All messages transmitted. Quitting simulation.
Run 2 (size=65536, k=8)
Node A set to use top 8 paths for routing.
Node A set to use top 8 paths for routing.
Node P set to use top 8 paths for routing.
Node P set to use top 8 paths for routing.
Sending message from A to P of size 65536 bytes.
Timeout on segment 5, reducing window to 1
Timeout on segment 4, reducing window to 1
Timeout on segment 6, reducing window to 1
Timeout on segment 7, reducing window to 1
Timeout on segment 8, reducing window to 1
Timeout on segment 9, reducing window to 1
Timeout on segment 10, reducing window to 1
Timeout on segment 11, reducing window to 1
Triple duplicate ACKs for segment 12, reducing window to 2
Triple duplicate ACKs for segment 12, reducing window to 2
Triple duplicate ACKs for segment 12, reducing window to 2
Triple duplicate ACKs for segment 12, reducing window to 2
Triple duplicate ACKs for segment 12, reducing window to 2
Triple duplicate ACKs for segment 12, reducing window to 2
Triple duplicate ACKs for segment 12, reducing window to 2
Triple duplicate ACKs for segment 14, reducing window to 2
Triple duplicate ACKs for segment 14, reducing window to 2
Triple duplicate ACKs for segment 14, reducing window to 2
Triple duplicate ACKs for segment 17, reducing window to 2
Triple duplicate ACKs for segment 17, reducing window to 2
Timeout on segment 33, reducing window to 1
Timeout on segment 32, reducing window to 1
Timeout on segment 34, reducing window to 1
Triple duplicate ACKs for segment 39, reducing window to 2
Triple duplicate ACKs for segment 39, reducing window to 2
Triple duplicate ACKs for segment 41, reducing window to 2
Message of size 65536 bytes received by P from A in 8.4457 seconds.
All messages transmitted. Quitting simulation.
Run 3 (size=65536, k=8)
Node A set to use top 8 paths for routing.
Node A set to use top 8 paths for routing.
Node P set to use top 8 paths for routing.
Node P set to use top 8 paths for routing.
Sending message from A to P of size 65536 bytes.
Timeout on segment 3, reducing window to 1
Timeout on segment 15, reducing window to 1
Message of size 65536 bytes received by P from A in 7.0916 seconds.
All messages transmitted. Quitting simulation.
Run 4 (size=65536, k=8)
Node A set to use top 8 paths for routing.
Node A set to use top 8 paths for routing.
Node P set to use top 8 paths for routing.
Node P set to use top 8 paths for routing.
Sending message from A to P of size 65536 bytes.
Timeout on segment 3, reducing window to 1
Message of size 65536 bytes received by P from A in 5.9333 seconds.
All messages transmitted. Quitting simulation.
Run 5 (size=65536, k=8)
Node A set to use top 8 paths for routing.
Node A set to use top 8 paths for routing.
Node P set to use top 8 paths for routing.
Node P set to use top 8 paths for routing.
Sending message from A to P of size 65536 bytes.
Timeout on segment 5, reducing window to 1
Timeout on segment 4, reducing window to 1
Timeout on segment 6, reducing window to 1
Timeout on segment 7, reducing window to 1
Triple duplicate ACKs for segment 8, reducing window to 2
Triple duplicate ACKs for segment 8, reducing window to 2
Triple duplicate ACKs for segment 8, reducing window to 2
Triple duplicate ACKs for segment 11, reducing window to 2
Message of size 65536 bytes received by P from A in 7.1166 seconds.
All messages transmitted. Quitting simulation.
Run 6 (size=65536, k=8)
Node A set to use top 8 paths for routing.
Node A set to use top 8 paths for routing.
Node P set to use top 8 paths for routing.
Node P set to use top 8 paths for routing.
Sending message from A to P of size 65536 bytes.
Timeout on segment 3, reducing window to 1
Timeout on segment 21, reducing window to 1
Message of size 65536 bytes received by P from A in 7.0374 seconds.
All messages transmitted. Quitting simulation.
Run 7 (size=65536, k=8)
Node A set to use top 8 paths for routing.
Node A set to use top 8 paths for routing.
Node P set to use top 8 paths for routing.
Node P set to use top 8 paths for routing.
Sending message from A to P of size 65536 bytes.
Timeout on segment 3, reducing window to 1
Timeout on segment 21, reducing window to 1
Message of size 65536 bytes received by P from A in 7.0166 seconds.
All messages transmitted. Quitting simulation.
Run 8 (size=65536, k=8)
Node A set to use top 8 paths for routing.
Node A set to use top 8 paths for routing.
Node P set to use top 8 paths for routing.
Node P set to use top 8 paths for routing.
Sending message from A to P of size 65536 bytes.
Timeout on segment 3, reducing window to 1
Timeout on segment 12, reducing window to 1
Timeout on segment 24, reducing window to 1
Timeout on segment 36, reducing window to 1
Message of size 65536 bytes received by P from A in 8.5582 seconds.
All messages transmitted. Quitting simulation.
Run 9 (size=65536, k=8)
Node A set to use top 8 paths for routing.
Node A set to use top 8 paths for routing.
Node P set to use top 8 paths for routing.
Node P set to use top 8 paths for routing.
Sending message from A to P of size 65536 bytes.
Timeout on segment 3, reducing window to 1
Message of size 65536 bytes received by P from A in 5.9291 seconds.
All messages transmitted. Quitting simulation.
Run 10 (size=65536, k=8)
Node A set to use top 8 paths for routing.
Node A set to use top 8 paths for routing.
Node P set to use top 8 paths for routing.
Node P set to use top 8 paths for routing.
Sending message from A to P of size 65536 bytes.
Timeout on segment 5, reducing window to 1
Timeout on segment 6, reducing window to 1
Timeout on segment 7, reducing window to 1
Triple duplicate ACKs for segment 13, reducing window to 2
Triple duplicate ACKs for segment 13, reducing window to 2
Message of size 65536 bytes received by P from A in 7.0166 seconds.
All messages transmitted. Quitting simulation.
Run 11 (size=65536, k=8)
Node A set to use top 8 paths for routing.
Node A set to use top 8 paths for routing.
Node P set to use top 8 paths for routing.
Node P set to use top 8 paths for routing.
Sending message from A to P of size 65536 bytes.
Timeout on segment 5, reducing window to 1
Timeout on segment 4, reducing window to 1
Timeout on segment 6, reducing window to 1
Timeout on segment 7, reducing window to 1
Triple duplicate ACKs for segment 8, reducing window to 2
Triple duplicate ACKs for segment 8, reducing window to 2
Triple duplicate ACKs for segment 11, reducing window to 2
Triple duplicate ACKs for segment 14, reducing window to 2
Message of size 65536 bytes received by P from A in 7.2041 seconds.
All messages transmitted. Quitting simulation.
Run 12 (size=65536, k=8)
Node A set to use top 8 paths for routing.
Node A set to use top 8 paths for routing.
Node P set to use top 8 paths for routing.
Node P set to use top 8 paths for routing.
Sending message from A to P of size 65536 bytes.
Timeout on segment 3, reducing window to 1
Timeout on segment 16, reducing window to 1
Message of size 65536 bytes received by P from A in 7.0791 seconds.
All messages transmitted. Quitting simulation.
Run 13 (size=65536, k=8)
Node A set to use top 8 paths for routing.
Node A set to use top 8 paths for routing.
Node P set to use top 8 paths for routing.
Node P set to use top 8 paths for routing.
Sending message from A to P of size 65536 bytes.
Timeout on segment 5, reducing window to 1
Timeout on segment 4, reducing window to 1
Timeout on segment 6, reducing window to 1
Timeout on segment 7, reducing window to 1
Triple duplicate ACKs for segment 12, reducing window to 2
Timeout on segment 36, reducing window to 1
Timeout on segment 35, reducing window to 1
Timeout on segment 37, reducing window to 1
Timeout on segment 38, reducing window to 1
Triple duplicate ACKs for segment 43, reducing window to 2
Triple duplicate ACKs for segment 43, reducing window to 2
Triple duplicate ACKs for segment 43, reducing window to 2
Message of size 65536 bytes received by P from A in 7.2333 seconds.
All messages transmitted. Quitting simulation.
Run 14 (size=65536, k=8)
Node A set to use top 8 paths for routing.
Node A set to use top 8 paths for routing.
Node P set to use top 8 paths for routing.
Node P set to use top 8 paths for routing.
Sending message from A to P of size 65536 bytes.
Timeout on segment 5, reducing window to 1
Timeout on segment 4, reducing window to 1
Timeout on segment 6, reducing window to 1
Timeout on segment 7, reducing window to 1
Timeout on segment 10, reducing window to 1
Timeout on segment 11, reducing window to 1
Triple duplicate ACKs for segment 12, reducing window to 2
Triple duplicate ACKs for segment 12, reducing window to 2
Triple duplicate ACKs for segment 12, reducing window to 2
Triple duplicate ACKs for segment 13, reducing window to 2
Triple duplicate ACKs for segment 13, reducing window to 2
Triple duplicate ACKs for segment 16, reducing window to 2
Timeout on segment 37, reducing window to 1
Message of size 65536 bytes received by P from A in 7.1583 seconds.
All messages transmitted. Quitting simulation.
Run 15 (size=65536, k=8)
Node A set to use top 8 paths for routing.
Node A set to use top 8 paths for routing.
Node P set to use top 8 paths for routing.
Node P set to use top 8 paths for routing.
Sending message from A to P of size 65536 bytes.
Timeout on segment 6, reducing window to 1
Timeout on segment 7, reducing window to 1
Triple duplicate ACKs for segment 14, reducing window to 2
Message of size 65536 bytes received by P from A in 6.6208 seconds.
All messages transmitted. Quitting simulation.
Run 16 (size=65536, k=8)
Node A set to use top 8 paths for routing.
Node A set to use top 8 paths for routing.
Node P set to use top 8 paths for routing.
Node P set to use top 8 paths for routing.
Sending message from A to P of size 65536 bytes.
Timeout on segment 3, reducing window to 1
Triple duplicate ACKs for segment 5, reducing window to 2
Message of size 65536 bytes received by P from A in 6.3541 seconds.
All messages transmitted. Quitting simulation.
Run 17 (size=65536, k=8)
Node A set to use top 8 paths for routing.
Node A set to use top 8 paths for routing.
Node P set to use top 8 paths for routing.
Node P set to use top 8 paths for routing.
Sending message from A to P of size 65536 bytes.
Timeout on segment 6, reducing window to 1
Timeout on segment 7, reducing window to 1
Message of size 65536 bytes received by P from A in 6.1624 seconds.
All messages transmitted. Quitting simulation.
Run 18 (size=65536, k=8)
Node A set to use top 8 paths for routing.
Node A set to use top 8 paths for routing.
Node P set to use top 8 paths for routing.
Node P set to use top 8 paths for routing.
Sending message from A to P of size 65536 bytes.
Timeout on segment 7, reducing window to 1
Timeout on segment 6, reducing window to 1
Timeout on segment 34, reducing window to 1
Message of size 65536 bytes received by P from A in 6.9166 seconds.
All messages transmitted. Quitting simulation.
Run 19 (size=65536, k=8)
Node A set to use top 8 paths for routing.
Node A set to use top 8 paths for routing.
Node P set to use top 8 paths for routing.
Node P set to use top 8 paths for routing.
Sending message from A to P of size 65536 bytes.
Timeout on segment 7, reducing window to 1
Timeout on segment 5, reducing window to 1
Timeout on segment 6, reducing window to 1
Triple duplicate ACKs for segment 13, reducing window to 2
Message of size 65536 bytes received by P from A in 6.7416 seconds.
All messages transmitted. Quitting simulation.
Run 20 (size=65536, k=8)
Node A set to use top 8 paths for routing.
Node A set to use top 8 paths for routing.
Node P set to use top 8 paths for routing.
Node P set to use top 8 paths for routing.
Sending message from A to P of size 65536 bytes.
Timeout on segment 7, reducing window to 1
Timeout on segment 5, reducing window to 1
Timeout on segment 6, reducing window to 1
Triple duplicate ACKs for segment 13, reducing window to 2
Message of size 65536 bytes received by P from A in 6.4333 seconds.
All messages transmitted. Quitting simulation.
Run 21 (size=65536, k=8)
Node A set to use top 8 paths for routing.
Node A set to use top 8 paths for routing.
Node P set to use top 8 paths for routing.
Node P set to use top 8 paths for routing.
Sending message from A to P of size 65536 bytes.
Timeout on segment 7, reducing window to 1
Timeout on segment 6, reducing window to 1
Triple duplicate ACKs for segment 14, reducing window to 2
Message of size 65536 bytes received by P from A in 6.6208 seconds.
All messages transmitted. Quitting simulation.
Run 22 (size=65536, k=8)
Node A set to use top 8 paths for routing.
Node A set to use top 8 paths for routing.
Node P set to use top 8 paths for routing.
Node P set to use top 8 paths for routing.
Sending message from A to P of size 65536 bytes.
Timeout on segment 4, reducing window to 1
Timeout on segment 7, reducing window to 1
Timeout on segment 5, reducing window to 1
Timeout on segment 6, reducing window to 1
Triple duplicate ACKs for segment 12, reducing window to 2
Triple duplicate ACKs for segment 12, reducing window to 2
Triple duplicate ACKs for segment 12, reducing window to 2
Triple duplicate ACKs for segment 15, reducing window to 2
Triple duplicate ACKs for segment 15, reducing window to 2
Triple duplicate ACKs for segment 18, reducing window to 2
Message of size 65536 bytes received by P from A in 7.0749 seconds.
All messages transmitted. Quitting simulation.
Run 23 (size=65536, k=8)
Node A set to use top 8 paths for routing.
Node A set to use top 8 paths for routing.
Node P set to use top 8 paths for routing.
Node P set to use top 8 paths for routing.
Sending message from A to P of size 65536 bytes.
Timeout on segment 3, reducing window to 1
Timeout on segment 5, reducing window to 1
Timeout on segment 6, reducing window to 1
Triple duplicate ACKs for segment 8, reducing window to 2
Timeout on segment 33, reducing window to 1
Message of size 65536 bytes received by P from A in 7.5333 seconds.
All messages transmitted. Quitting simulation.
Run 24 (size=65536, k=8)
Node A set to use top 8 paths for routing.
Node A set to use top 8 paths for routing.
Node P set to use top 8 paths for routing.
Node P set to use top 8 paths for routing.
Sending message from A to P of size 65536 bytes.
Timeout on segment 7, reducing window to 1
Timeout on segment 6, reducing window to 1
Message of size 65536 bytes received by P from A in 6.2124 seconds.
All messages transmitted. Quitting simulation.
Run 25 (size=65536, k=8)
Node A set to use top 8 paths for routing.
Node A set to use top 8 paths for routing.
Node P set to use top 8 paths for routing.
Node P set to use top 8 paths for routing.
Sending message from A to P of size 65536 bytes.
Timeout on segment 7, reducing window to 1
Timeout on segment 5, reducing window to 1
Timeout on segment 6, reducing window to 1
Triple duplicate ACKs for segment 13, reducing window to 2
Triple duplicate ACKs for segment 13, reducing window to 2
Triple duplicate ACKs for segment 13, reducing window to 2
Triple duplicate ACKs for segment 16, reducing window to 2
Message of size 65536 bytes received by P from A in 7.0208 seconds.
All messages transmitted. Quitting simulation.
Run 26 (size=65536, k=8)
Node A set to use top 8 paths for routing.
Node A set to use top 8 paths for routing.
Node P set to use top 8 paths for routing.
Node P set to use top 8 paths for routing.
Sending message from A to P of size 65536 bytes.
Timeout on segment 3, reducing window to 1
Timeout on segment 27, reducing window to 1
Timeout on segment 28, reducing window to 1
Triple duplicate ACKs for segment 35, reducing window to 2
Message of size 65536 bytes received by P from A in 7.2749 seconds.
All messages transmitted. Quitting simulation.
Run 27 (size=65536, k=8)
Node A set to use top 8 paths for routing.
Node A set to use top 8 paths for routing.
Node P set to use top 8 paths for routing.
Node P set to use top 8 paths for routing.
Sending message from A to P of size 65536 bytes.
Timeout on segment 1, reducing window to 1
Timeout on segment 17, reducing window to 1
Triple duplicate ACKs for segment 42, reducing window to 4
Message of size 65536 bytes received by P from A in 7.0083 seconds.
All messages transmitted. Quitting simulation.
Run 28 (size=65536, k=8)
Node A set to use top 8 paths for routing.
Node A set to use top 8 paths for routing.
Node P set to use top 8 paths for routing.
Node P set to use top 8 paths for routing.
Sending message from A to P of size 65536 bytes.
Timeout on segment 4, reducing window to 1
Timeout on segment 7, reducing window to 1
Timeout on segment 5, reducing window to 1
Timeout on segment 6, reducing window to 1
Triple duplicate ACKs for segment 12, reducing window to 2
Triple duplicate ACKs for segment 12, reducing window to 2
Triple duplicate ACKs for segment 30, reducing window to 3
Message of size 65536 bytes received by P from A in 7.2708 seconds.
All messages transmitted. Quitting simulation.
Run 29 (size=65536, k=8)
Node A set to use top 8 paths for routing.
Node A set to use top 8 paths for routing.
Node P set to use top 8 paths for routing.
Node P set to use top 8 paths for routing.
Sending message from A to P of size 65536 bytes.
Timeout on segment 1, reducing window to 1
Timeout on segment 5, reducing window to 1
Timeout on segment 20, reducing window to 1
Timeout on segment 21, reducing window to 1
Timeout on segment 22, reducing window to 1
Triple duplicate ACKs for segment 26, reducing window to 2
Triple duplicate ACKs for segment 26, reducing window to 2
Triple duplicate ACKs for segment 28, reducing window to 2
Timeout on segment 39, reducing window to 1
Message of size 65536 bytes received by P from A in 8.3957 seconds.
All messages transmitted. Quitting simulation.
Run 30 (size=65536, k=8)
Node A set to use top 8 paths for routing.
Node A set to use top 8 paths for routing.
Node P set to use top 8 paths for routing.
Node P set to use top 8 paths for routing.
Sending message from A to P of size 65536 bytes.
Timeout on segment 1, reducing window to 1
Message of size 65536 bytes received by P from A in 5.875 seconds.
All messages transmitted. Quitting simulation.
Run 31 (size=65536, k=8)
Node A set to use top 8 paths for routing.
Node A set to use top 8 paths for routing.
Node P set to use top 8 paths for routing.
Node P set to use top 8 paths for routing.
Sending message from A to P of size 65536 bytes.
Timeout on segment 1, reducing window to 1
Message of size 65536 bytes received by P from A in 5.6833 seconds.
All messages transmitted. Quitting simulation.
Run 32 (size=65536, k=8)
Node A set to use top 8 paths for routing.
Node A set to use top 8 paths for routing.
Node P set to use top 8 paths for routing.
Node P set to use top 8 paths for routing.
Sending message from A to P of size 65536 bytes.
Timeout on segment 4, reducing window to 1
Timeout on segment 5, reducing window to 1
Timeout on segment 6, reducing window to 1
Timeout on segment 7, reducing window to 1
Triple duplicate ACKs for segment 8, reducing window to 2
Triple duplicate ACKs for segment 8, reducing window to 2
Triple duplicate ACKs for segment 8, reducing window to 2
Triple duplicate ACKs for segment 11, reducing window to 2
Triple duplicate ACKs for segment 11, reducing window to 2
Triple duplicate ACKs for segment 15, reducing window to 2
Message of size 65536 bytes received by P from A in 7.3333 seconds.
All messages transmitted. Quitting simulation.
Run 33 (size=65536, k=8)
Node A set to use top 8 paths for routing.
Node A set to use top 8 paths for routing.
Node P set to use top 8 paths for routing.
Node P set to use top 8 paths for routing.
Sending message from A to P of size 65536 bytes.
Timeout on segment 4, reducing window to 1
Timeout on segment 5, reducing window to 1
Timeout on segment 6, reducing window to 1
Timeout on segment 7, reducing window to 1
Triple duplicate ACKs for segment 12, reducing window to 2
Triple duplicate ACKs for segment 12, reducing window to 2
Triple duplicate ACKs for segment 12, reducing window to 2
Triple duplicate ACKs for segment 15, reducing window to 2
Triple duplicate ACKs for segment 15, reducing window to 2
Triple duplicate ACKs for segment 18, reducing window to 2
Timeout on segment 27, reducing window to 1
Message of size 65536 bytes received by P from A in 8.2624 seconds.
All messages transmitted. Quitting simulation.
Run 34 (size=65536, k=8)
Node A set to use top 8 paths for routing.
Node A set to use top 8 paths for routing.
Node P set to use top 8 paths for routing.
Node P set to use top 8 paths for routing.
Sending message from A to P of size 65536 bytes.
Timeout on segment 3, reducing window to 1
Message of size 65536 bytes received by P from A in 5.9333 seconds.
All messages transmitted. Quitting simulation.
Run 35 (size=65536, k=8)
Node A set to use top 8 paths for routing.
Node A set to use top 8 paths for routing.
Node P set to use top 8 paths for routing.
Node P set to use top 8 paths for routing.
Sending message from A to P of size 65536 bytes.
Timeout on segment 7, reducing window to 1
Timeout on segment 6, reducing window to 1
Timeout on segment 4, reducing window to 1
Timeout on segment 5, reducing window to 1
Timeout on segment 8, reducing window to 1
Timeout on segment 9, reducing window to 1
Timeout on segment 10, reducing window to 1
Timeout on segment 11, reducing window to 1
Triple duplicate ACKs for segment 12, reducing window to 2
Triple duplicate ACKs for segment 12, reducing window to 2
Triple duplicate ACKs for segment 12, reducing window to 2
Triple duplicate ACKs for segment 12, reducing window to 2
Triple duplicate ACKs for segment 12, reducing window to 2
Triple duplicate ACKs for segment 12, reducing window to 2
Triple duplicate ACKs for segment 12, reducing window to 2
Triple duplicate ACKs for segment 14, reducing window to 2
Triple duplicate ACKs for segment 14, reducing window to 2
Triple duplicate ACKs for segment 14, reducing window to 2
Triple duplicate ACKs for segment 14, reducing window to 2
Triple duplicate ACKs for segment 15, reducing window to 2
Triple duplicate ACKs for segment 18, reducing window to 2
Triple duplicate ACKs for segment 18, reducing window to 2
Triple duplicate ACKs for segment 18, reducing window to 2
Triple duplicate ACKs for segment 18, reducing window to 2
Triple duplicate ACKs for segment 21, reducing window to 2
Triple duplicate ACKs for segment 21, reducing window to 2
Triple duplicate ACKs for segment 24, reducing window to 2
Message of size 65536 bytes received by P from A in 7.9916 seconds.
All messages transmitted. Quitting simulation.
Run 36 (size=65536, k=8)
Node A set to use top 8 paths for routing.
Node A set to use top 8 paths for routing.
Node P set to use top 8 paths for routing.
Node P set to use top 8 paths for routing.
Sending message from A to P of size 65536 bytes.
Timeout on segment 7, reducing window to 1
Timeout on segment 5, reducing window to 1
Timeout on segment 6, reducing window to 1
Message of size 65536 bytes received by P from A in 6.1874 seconds.
All messages transmitted. Quitting simulation.
Run 37 (size=65536, k=8)
Node A set to use top 8 paths for routing.
Node A set to use top 8 paths for routing.
Node P set to use top 8 paths for routing.
Node P set to use top 8 paths for routing.
Sending message from A to P of size 65536 bytes.
Timeout on segment 6, reducing window to 1
Timeout on segment 5, reducing window to 1
Timeout on segment 7, reducing window to 1
Triple duplicate ACKs for segment 13, reducing window to 2
Triple duplicate ACKs for segment 13, reducing window to 2
Triple duplicate ACKs for segment 16, reducing window to 2
Message of size 65536 bytes received by P from A in 6.6958 seconds.
All messages transmitted. Quitting simulation.
Run 38 (size=65536, k=8)
Node A set to use top 8 paths for routing.
Node A set to use top 8 paths for routing.
Node P set to use top 8 paths for routing.
Node P set to use top 8 paths for routing.
Sending message from A to P of size 65536 bytes.
Timeout on segment 6, reducing window to 1
Timeout on segment 7, reducing window to 1
Timeout on segment 8, reducing window to 1
Timeout on segment 9, reducing window to 1
Timeout on segment 10, reducing window to 1
Timeout on segment 11, reducing window to 1
Triple duplicate ACKs for segment 14, reducing window to 2
Triple duplicate ACKs for segment 14, reducing window to 2
Triple duplicate ACKs for segment 14, reducing window to 2
Triple duplicate ACKs for segment 14, reducing window to 2
Triple duplicate ACKs for segment 14, reducing window to 2
Triple duplicate ACKs for segment 16, reducing window to 2
Triple duplicate ACKs for segment 16, reducing window to 2
Triple duplicate ACKs for segment 16, reducing window to 2
Triple duplicate ACKs for segment 19, reducing window to 2
Triple duplicate ACKs for segment 19, reducing window to 2
Triple duplicate ACKs for segment 22, reducing window to 2
Message of size 65536 bytes received by P from A in 7.4458 seconds.
All messages transmitted. Quitting simulation.
Run 39 (size=65536, k=8)
Node A set to use top 8 paths for routing.
Node A set to use top 8 paths for routing.
Node P set to use top 8 paths for routing.
Node P set to use top 8 paths for routing.
Sending message from A to P of size 65536 bytes.
Timeout on segment 3, reducing window to 1
Timeout on segment 15, reducing window to 1
Timeout on segment 16, reducing window to 1
Message of size 65536 bytes received by P from A in 7.2541 seconds.
All messages transmitted. Quitting simulation.
Run 40 (size=65536, k=8)
Node A set to use top 8 paths for routing.
Node A set to use top 8 paths for routing.
Node P set to use top 8 paths for routing.
Node P set to use top 8 paths for routing.
Sending message from A to P of size 65536 bytes.
Timeout on segment 5, reducing window to 1
Timeout on segment 6, reducing window to 1
Timeout on segment 7, reducing window to 1
Triple duplicate ACKs for segment 13, reducing window to 2
Triple duplicate ACKs for segment 13, reducing window to 2
Triple duplicate ACKs for segment 16, reducing window to 2
Message of size 65536 bytes received by P from A in 7.0791 seconds.
All messages transmitted. Quitting simulation.
Run 41 (size=65536, k=8)
Node A set to use top 8 paths for routing.
Node A set to use top 8 paths for routing.
Node P set to use top 8 paths for routing.
Node P set to use top 8 paths for routing.
Sending message from A to P of size 65536 bytes.
Timeout on segment 5, reducing window to 1
Timeout on segment 6, reducing window to 1
Timeout on segment 7, reducing window to 1
Triple duplicate ACKs for segment 13, reducing window to 2
Timeout on segment 38, reducing window to 1
Timeout on segment 37, reducing window to 1
Message of size 65536 bytes received by P from A in 6.6458 seconds.
All messages transmitted. Quitting simulation.
Run 42 (size=65536, k=8)
Node A set to use top 8 paths for routing.
Node A set to use top 8 paths for routing.
Node P set to use top 8 paths for routing.
Node P set to use top 8 paths for routing.
Sending message from A to P of size 65536 bytes.
Timeout on segment 7, reducing window to 1
Timeout on segment 5, reducing window to 1
Timeout on segment 6, reducing window to 1
Triple duplicate ACKs for segment 5, reducing window to 2
Triple duplicate ACKs for segment 13, reducing window to 2
Message of size 65536 bytes received by P from A in 6.8541 seconds.
All messages transmitted. Quitting simulation.
Run 43 (size=65536, k=8)
Node A set to use top 8 paths for routing.
Node A set to use top 8 paths for routing.
Node P set to use top 8 paths for routing.
Node P set to use top 8 paths for routing.
Sending message from A to P of size 65536 bytes.
Timeout on segment 3, reducing window to 1
Timeout on segment 12, reducing window to 1
Message of size 65536 bytes received by P from A in 7.2583 seconds.
All messages transmitted. Quitting simulation.
Run 44 (size=65536, k=8)
Node A set to use top 8 paths for routing.
Node A set to use top 8 paths for routing.
Node P set to use top 8 paths for routing.
Node P set to use top 8 paths for routing.
Sending message from A to P of size 65536 bytes.
Timeout on segment 3, reducing window to 1
Timeout on segment 12, reducing window to 1
Timeout on segment 21, reducing window to 1
Timeout on segment 32, reducing window to 1
Message of size 65536 bytes received by P from A in 8.7082 seconds.
All messages transmitted. Quitting simulation.
Run 45 (size=65536, k=8)
Node A set to use top 8 paths for routing.
Node A set to use top 8 paths for routing.
Node P set to use top 8 paths for routing.
Node P set to use top 8 paths for routing.
Sending message from A to P of size 65536 bytes.
Timeout on segment 3, reducing window to 1
Message of size 65536 bytes received by P from A in 6.0541 seconds.
All messages transmitted. Quitting simulation.
Run 46 (size=65536, k=8)
Node A set to use top 8 paths for routing.
Node A set to use top 8 paths for routing.
Node P set to use top 8 paths for routing.
Node P set to use top 8 paths for routing.
Sending message from A to P of size 65536 bytes.
Timeout on segment 5, reducing window to 1
Timeout on segment 4, reducing window to 1
Timeout on segment 6, reducing window to 1
Timeout on segment 7, reducing window to 1
Triple duplicate ACKs for segment 12, reducing window to 2
Triple duplicate ACKs for segment 12, reducing window to 2
Triple duplicate ACKs for segment 12, reducing window to 2
Triple duplicate ACKs for segment 15, reducing window to 2
Triple duplicate ACKs for segment 15, reducing window to 2
Triple duplicate ACKs for segment 17, reducing window to 2
Message of size 65536 bytes received by P from A in 7.1999 seconds.
All messages transmitted. Quitting simulation.
Run 47 (size=65536, k=8)
Node A set to use top 8 paths for routing.
Node A set to use top 8 paths for routing.
Node P set to use top 8 paths for routing.
Node P set to use top 8 paths for routing.
Sending message from A to P of size 65536 bytes.
Timeout on segment 7, reducing window to 1
Timeout on segment 6, reducing window to 1
Message of size 65536 bytes received by P from A in 6.2791 seconds.
All messages transmitted. Quitting simulation.
Run 48 (size=65536, k=8)
Node A set to use top 8 paths for routing.
Node A set to use top 8 paths for routing.
Node P set to use top 8 paths for routing.
Node P set to use top 8 paths for routing.
Sending message from A to P of size 65536 bytes.
Timeout on segment 4, reducing window to 1
Timeout on segment 5, reducing window to 1
Timeout on segment 6, reducing window to 1
Timeout on segment 7, reducing window to 1
Triple duplicate ACKs for segment 8, reducing window to 2
Triple duplicate ACKs for segment 8, reducing window to 2
Triple duplicate ACKs for segment 11, reducing window to 2
Message of size 65536 bytes received by P from A in 6.7124 seconds.
All messages transmitted. Quitting simulation.
Run 49 (size=65536, k=8)
Node A set to use top 8 paths for routing.
Node A set to use top 8 paths for routing.
Node P set to use top 8 paths for routing.
Node P set to use top 8 paths for routing.
Sending message from A to P of size 65536 bytes.
Timeout on segment 7, reducing window to 1
Timeout on segment 6, reducing window to 1
Timeout on segment 38, reducing window to 1
Message of size 65536 bytes received by P from A in 6.1416 seconds.
All messages transmitted. Quitting simulation.
Run 50 (size=65536, k=8)
Node A set to use top 8 paths for routing.
Node A set to use top 8 paths for routing.
Node P set to use top 8 paths for routing.
Node P set to use top 8 paths for routing.
Sending message from A to P of size 65536 bytes.
Timeout on segment 2, reducing window to 1
Timeout on segment 3, reducing window to 1
Triple duplicate ACKs for segment 4, reducing window to 2
Message of size 65536 bytes received by P from A in 6.2624 seconds.
All messages transmitted. Quitting simulation.
